c:\users\ian\documents\visual studio 2015\projects\fydp\peaches__clr2\peaches__clr2\debug\peaches__clr2.pch
c:\users\ian\documents\visual studio 2015\projects\fydp\peaches__clr2\peaches__clr2\debug\vc140.pdb
c:\users\ian\documents\visual studio 2015\projects\fydp\peaches__clr2\peaches__clr2\debug\stdafx.obj
c:\users\ian\documents\visual studio 2015\projects\fydp\peaches__clr2\peaches__clr2\debug\threedpos.obj
c:\users\ian\documents\visual studio 2015\projects\fydp\peaches__clr2\peaches__clr2\debug\peaches__clr2.obj
c:\users\ian\documents\visual studio 2015\projects\fydp\peaches__clr2\peaches__clr2\debug\peaches_main.obj
c:\users\ian\documents\visual studio 2015\projects\fydp\peaches__clr2\peaches__clr2\debug\kinect_improc.obj
c:\users\ian\documents\visual studio 2015\projects\fydp\peaches__clr2\peaches__clr2\debug\assemblyinfo.obj
c:\users\ian\documents\visual studio 2015\projects\fydp\peaches__clr2\peaches__clr2\debug\.netframework,version=v4.5.2.assemblyattributes.obj
c:\users\ian\documents\visual studio 2015\projects\fydp\peaches__clr2\peaches__clr2\debug\.netframework,version=v4.5.2.assemblyattributes.asm
c:\users\ian\documents\visual studio 2015\projects\fydp\peaches__clr2\peaches__clr2\debug\app.res
c:\users\ian\documents\visual studio 2015\projects\fydp\peaches__clr2\debug\peaches__clr2.pdb
c:\users\ian\documents\visual studio 2015\projects\fydp\peaches__clr2\peaches__clr2\debug\peaches__clr2.tlog\cl.command.1.tlog
c:\users\ian\documents\visual studio 2015\projects\fydp\peaches__clr2\peaches__clr2\debug\peaches__clr2.tlog\cl.read.1.tlog
c:\users\ian\documents\visual studio 2015\projects\fydp\peaches__clr2\peaches__clr2\debug\peaches__clr2.tlog\cl.write.1.tlog
c:\users\ian\documents\visual studio 2015\projects\fydp\peaches__clr2\peaches__clr2\debug\peaches__clr2.tlog\link.17728-cvtres.read.1.tlog
c:\users\ian\documents\visual studio 2015\projects\fydp\peaches__clr2\peaches__clr2\debug\peaches__clr2.tlog\link.17728-cvtres.write.1.tlog
c:\users\ian\documents\visual studio 2015\projects\fydp\peaches__clr2\peaches__clr2\debug\peaches__clr2.tlog\link.17728-rc.read.1.tlog
c:\users\ian\documents\visual studio 2015\projects\fydp\peaches__clr2\peaches__clr2\debug\peaches__clr2.tlog\link.17728-rc.write.1.tlog
c:\users\ian\documents\visual studio 2015\projects\fydp\peaches__clr2\peaches__clr2\debug\peaches__clr2.tlog\link.17728.read.1.tlog
c:\users\ian\documents\visual studio 2015\projects\fydp\peaches__clr2\peaches__clr2\debug\peaches__clr2.tlog\link.17728.write.1.tlog
c:\users\ian\documents\visual studio 2015\projects\fydp\peaches__clr2\peaches__clr2\debug\peaches__clr2.tlog\link.command.1.tlog
c:\users\ian\documents\visual studio 2015\projects\fydp\peaches__clr2\peaches__clr2\debug\peaches__clr2.tlog\link.read.1.tlog
c:\users\ian\documents\visual studio 2015\projects\fydp\peaches__clr2\peaches__clr2\debug\peaches__clr2.tlog\link.write.1.tlog
c:\users\ian\documents\visual studio 2015\projects\fydp\peaches__clr2\peaches__clr2\debug\peaches__clr2.tlog\metagen.read.1.tlog
c:\users\ian\documents\visual studio 2015\projects\fydp\peaches__clr2\peaches__clr2\debug\peaches__clr2.tlog\metagen.write.1.tlog
c:\users\ian\documents\visual studio 2015\projects\fydp\peaches__clr2\peaches__clr2\debug\peaches__clr2.tlog\rc.command.1.tlog
c:\users\ian\documents\visual studio 2015\projects\fydp\peaches__clr2\peaches__clr2\debug\peaches__clr2.tlog\rc.read.1.tlog
c:\users\ian\documents\visual studio 2015\projects\fydp\peaches__clr2\peaches__clr2\debug\peaches__clr2.tlog\rc.write.1.tlog
c:\users\ian\documents\visual studio 2015\projects\fydp\peaches__clr2\peaches__clr2\debug\peaches__clr2.tlog\tzres.dll.bi
