Build started 2016-03-21 2:46:52 AM.
     1>Project "C:\Users\Ian\Documents\Visual Studio 2015\Projects\FYDP\Peaches_CLR3\Peaches__CLR2\Peaches__CLR2.vcxproj" on node 2 (Rebuild target(s)).
     1>ClCompile:
         C:\Program Files (x86)\Microsoft Visual Studio 14.0\VC\bin\CL.exe /c /I"C:\Program Files\Microsoft SDKs\Kinect\v1.8\\inc" /IC:\OpenCV\build\include /AI"C:\Program Files (x86)\Reference Assemblies\Microsoft\Framework\.NETFramework\v4.5.2\\" /AI"C:\Program Files (x86)\Windows Kits\8.1\References\CommonConfiguration\Neutral" /AI"C:\Program Files (x86)\Reference Assemblies\Microsoft\Framework\.NETFramework\v4.5.2\Facades\\" /Zi /clr /nologo /W3 /WX- /Od /Oy- /D WIN32 /D _DEBUG /D _UNICODE /D UNICODE /D _UNICODE /D UNICODE /EHa /MDd /GS /fp:precise /Zc:wchar_t /Zc:forScope /Zc:inline /Yc"stdafx.h" /Fp"Debug\Peaches__CLR2.pch" /Fo"Debug\\" /Fd"Debug\vc140.pdb" /TP /FU"C:\Program Files (x86)\Reference Assemblies\Microsoft\Framework\.NETFramework\v4.5.2\mscorlib.dll" /FU"C:\Program Files (x86)\Reference Assemblies\Microsoft\Framework\.NETFramework\v4.5.2\System.Data.dll" /FU"C:\Program Files (x86)\Reference Assemblies\Microsoft\Framework\.NETFramework\v4.5.2\System.dll" /FU"C:\Program Files (x86)\Reference Assemblies\Microsoft\Framework\.NETFramework\v4.5.2\System.Xml.dll" /analyze- /errorReport:prompt /clr:nostdlib stdafx.cpp
         stdafx.cpp
         C:\Program Files (x86)\Microsoft Visual Studio 14.0\VC\bin\CL.exe /c /I"C:\Program Files\Microsoft SDKs\Kinect\v1.8\\inc" /IC:\OpenCV\build\include /AI"C:\Program Files (x86)\Reference Assemblies\Microsoft\Framework\.NETFramework\v4.5.2\\" /AI"C:\Program Files (x86)\Windows Kits\8.1\References\CommonConfiguration\Neutral" /AI"C:\Program Files (x86)\Reference Assemblies\Microsoft\Framework\.NETFramework\v4.5.2\Facades\\" /Zi /clr /nologo /W3 /WX- /Od /Oy- /D WIN32 /D _DEBUG /D _UNICODE /D UNICODE /D _UNICODE /D UNICODE /EHa /MDd /GS /fp:precise /Zc:wchar_t /Zc:forScope /Zc:inline /Yu"stdafx.h" /Fp"Debug\Peaches__CLR2.pch" /Fo"Debug\\" /Fd"Debug\vc140.pdb" /TP /FU"C:\Program Files (x86)\Reference Assemblies\Microsoft\Framework\.NETFramework\v4.5.2\mscorlib.dll" /FU"C:\Program Files (x86)\Reference Assemblies\Microsoft\Framework\.NETFramework\v4.5.2\System.Data.dll" /FU"C:\Program Files (x86)\Reference Assemblies\Microsoft\Framework\.NETFramework\v4.5.2\System.dll" /FU"C:\Program Files (x86)\Reference Assemblies\Microsoft\Framework\.NETFramework\v4.5.2\System.Xml.dll" /analyze- /errorReport:prompt /clr:nostdlib AssemblyInfo.cpp Communications.cpp DataStruct.cpp Kinect_ImProc.cpp MotorManager.cpp Peaches_Main.cpp Peaches__CLR2.cpp ThreeDPos.cpp
         AssemblyInfo.cpp
         Communications.cpp
     1>c:\users\ian\documents\visual studio 2015\projects\fydp\peaches_clr3\peaches__clr2\Communications.h(5): warning C4305: 'initializing': truncation from 'double' to 'float'
     1>c:\users\ian\documents\visual studio 2015\projects\fydp\peaches_clr3\peaches__clr2\Communications.h(6): warning C4305: 'initializing': truncation from 'double' to 'float'
     1>Communications.cpp(39): warning C4244: 'argument': conversion from 'int' to 'float', possible loss of data
     1>Communications.cpp(70): warning C4244: 'argument': conversion from 'int' to 'float', possible loss of data
     1>Communications.cpp(100): warning C4244: 'argument': conversion from 'int' to 'float', possible loss of data
     1>Communications.cpp(274): warning C4244: '=': conversion from 'double' to 'float', possible loss of data
     1>Communications.cpp(275): warning C4244: '=': conversion from 'double' to 'float', possible loss of data
     1>Communications.cpp(276): warning C4244: 'initializing': conversion from 'double' to 'float', possible loss of data
     1>Communications.cpp(277): warning C4244: 'initializing': conversion from 'double' to 'float', possible loss of data
         DataStruct.cpp
         Kinect_ImProc.cpp
     1>Kinect_ImProc.cpp(89): warning C4800: 'INuiSensor *': forcing value to bool 'true' or 'false' (performance warning)
     1>Kinect_ImProc.cpp(333): warning C4244: 'argument': conversion from 'double' to 'long', possible loss of data
         MotorManager.cpp
     1>MotorManager.cpp(75): warning C4244: '=': conversion from 'float' to 'int', possible loss of data
     1>MotorManager.cpp(80): warning C4244: '=': conversion from 'float' to 'int', possible loss of data
     1>MotorManager.cpp(91): warning C4244: 'return': conversion from 'double' to 'float', possible loss of data
     1>MotorManager.cpp(96): warning C4244: '+=': conversion from 'float' to 'int', possible loss of data
         Peaches_Main.cpp
     1>c:\users\ian\documents\visual studio 2015\projects\fydp\peaches_clr3\peaches__clr2\Communications.h(5): warning C4305: 'initializing': truncation from 'double' to 'float'
     1>c:\users\ian\documents\visual studio 2015\projects\fydp\peaches_clr3\peaches__clr2\Communications.h(6): warning C4305: 'initializing': truncation from 'double' to 'float'
     1>Peaches_Main.cpp(25): warning C4996: 'strdup': The POSIX name for this item is deprecated. Instead, use the ISO C and C++ conformant name: _strdup. See online help for details.
         C:\Program Files (x86)\Windows Kits\10\Include\10.0.10150.0\ucrt\string.h(552): note: see declaration of 'strdup'
     1>Peaches_Main.cpp(140): warning C4244: 'argument': conversion from 'float' to 'int', possible loss of data
     1>Peaches_Main.cpp(141): warning C4244: 'argument': conversion from 'float' to 'int', possible loss of data
     1>Peaches_Main.cpp(142): warning C4244: 'argument': conversion from 'double' to 'float', possible loss of data
     1>Peaches_Main.cpp(143): warning C4244: 'argument': conversion from 'float' to 'int', possible loss of data
         Peaches__CLR2.cpp
     1>c:\users\ian\documents\visual studio 2015\projects\fydp\peaches_clr3\peaches__clr2\Communications.h(5): warning C4305: 'initializing': truncation from 'double' to 'float'
     1>c:\users\ian\documents\visual studio 2015\projects\fydp\peaches_clr3\peaches__clr2\Communications.h(6): warning C4305: 'initializing': truncation from 'double' to 'float'
         ThreeDPos.cpp
         Generating Code...
         C:\Program Files (x86)\Microsoft Visual Studio 14.0\VC\bin\CL.exe /c /I"C:\Program Files\Microsoft SDKs\Kinect\v1.8\\inc" /IC:\OpenCV\build\include /Zi /clr /nologo /W3 /WX- /Od /Oy- /D WIN32 /D _DEBUG /D _UNICODE /D UNICODE /D _UNICODE /D UNICODE /EHa /MDd /GS /fp:precise /Zc:wchar_t /Zc:forScope /Zc:inline /Fp"Debug\Peaches__CLR2.pch" /Fa"Debug\\" /Fo"Debug\\" /Fd"Debug\vc140.pdb" /analyze- /errorReport:prompt "C:\Users\Ian\AppData\Local\Temp\.NETFramework,Version=v4.5.2.AssemblyAttributes.cpp"
         .NETFramework,Version=v4.5.2.AssemblyAttributes.cpp
       ResourceCompile:
         C:\Program Files (x86)\Windows Kits\8.1\bin\x86\rc.exe /D _UNICODE /D UNICODE /l"0x0409" /nologo /fo"Debug\app.res" app.rc 
       Link:
         C:\Program Files (x86)\Microsoft Visual Studio 14.0\VC\bin\link.exe /ERRORREPORT:PROMPT /OUT:"C:\Users\Ian\Documents\Visual Studio 2015\Projects\FYDP\Peaches_CLR3\Debug\Peaches__CLR2.exe" /INCREMENTAL /NOLOGO /LIBPATH:"C:\Program Files\Microsoft SDKs\Kinect\v1.8\\lib\x86" /LIBPATH:C:\OpenCV\build\x86\vc12\lib Kinect10.lib /MANIFEST /MANIFESTUAC:"level='asInvoker' uiAccess='false'" /manifest:embed /Debug /PDB:"C:\Users\Ian\Documents\Visual Studio 2015\Projects\FYDP\Peaches_CLR3\Debug\Peaches__CLR2.pdb" /ASSEMBLYDEBUG /SUBSYSTEM:CONSOLE /TLBID:1 /DYNAMICBASE /FIXED:NO /NXCOMPAT /MACHINE:X86 /VERBOSE Debug\app.res
         Debug\AssemblyInfo.obj
         Debug\Communications.obj
         Debug\DataStruct.obj
         Debug\Kinect_ImProc.obj
         Debug\MotorManager.obj
         Debug\Peaches_Main.obj
         Debug\Peaches__CLR2.obj
         Debug\stdafx.obj
         Debug\ThreeDPos.obj
         "Debug\.NETFramework,Version=v4.5.2.AssemblyAttributes.obj"
         
         Starting pass 1
         Processed /DEFAULTLIB:MSVCRTD
         Processed /DEFAULTLIB:OLDNAMES
         Processed /DEFAULTLIB:MSVCMRTD
         Processed /DEFAULTLIB:MSCOREE
         LINK : MSIL module encountered; incremental linking is disabled for MSIL; performing full link
         
         Invoking LINK.EXE:
          /ERRORREPORT:PROMPT @C:\Users\Ian\AppData\Local\Temp\tmp9a507ea439424c4d99cabfb5e6e349b1.rsp
          /incremental:no
          /nologo
          /fullbuild
         
         Starting pass 1
         Processed /DEFAULTLIB:MSVCRTD
         Processed /DEFAULTLIB:OLDNAMES
         Processed /DEFAULTLIB:MSVCMRTD
         Processed /DEFAULTLIB:MSCOREE
         Processed /DEFAULTLIB:uuid.lib
         Processed /DEFAULTLIB:freeglut.lib
         Processed /DEFAULTLIB:glu32.lib
         Processed /DEFAULTLIB:opengl32.lib
         Processed /DEFAULTLIB:gdi32.lib
         Processed /DEFAULTLIB:winmm.lib
         Processed /DEFAULTLIB:user32.lib
         Processed /DEFAULTLIB:msvcprtd
         Processed /DEFAULTLIB:comsupp.lib
         Processed /DEFAULTLIB:oleaut32.lib
         
         Searching libraries
             Searching Kinect10.lib:
             Searching C:\Program Files (x86)\Microsoft Visual Studio 14.0\VC\lib\MSVCRTD.lib:
               Found "const type_info::`vftable'" (??_7type_info@@6B@)
                 Referenced in Peaches__CLR2.obj
                 Referenced in Communications.obj
                 Referenced in DataStruct.obj
                 Referenced in Kinect_ImProc.obj
                 Referenced in Peaches_Main.obj
                 Loaded MSVCRTD.lib(std_type_info_static.obj)
               Found "public: virtual char const * __thiscall std::exception::what(void)const " (?what@exception@std@@UBEPBDXZ)
                 Referenced in Peaches__CLR2.obj
                 Referenced in Communications.obj
                 Referenced in DataStruct.obj
                 Referenced in Kinect_ImProc.obj
                 Referenced in Peaches_Main.obj
                 Loaded MSVCRTD.lib(throw_bad_alloc.obj)
               Found __fltused
                 Referenced in Peaches_Main.obj
                 Referenced in Peaches__CLR2.obj
                 Referenced in ThreeDPos.obj
                 Referenced in Communications.obj
                 Referenced in DataStruct.obj
                 Referenced in Kinect_ImProc.obj
                 Referenced in MotorManager.obj
                 Loaded MSVCRTD.lib(fltused.obj)
               Found "void __cdecl operator delete(void *,unsigned int)" (??3@YAXPAXI@Z)
                 Referenced in MSVCRTD.lib(std_type_info_static.obj)
                 Referenced in MSVCRTD.lib(throw_bad_alloc.obj)
                 Loaded MSVCRTD.lib(delete_scalar_size.obj)
               Found "void __cdecl operator delete(void *)" (??3@YAXPAX@Z)
                 Referenced in MSVCRTD.lib(delete_scalar_size.obj)
                 Loaded MSVCRTD.lib(delete_scalar.obj)
             Searching C:\Program Files (x86)\Microsoft Visual Studio 14.0\VC\lib\OLDNAMES.lib:
             Searching C:\Program Files (x86)\Microsoft Visual Studio 14.0\VC\lib\MSVCMRTD.lib:
               Found "?.cctor@@$$FYMXXZ" (?.cctor@@$$FYMXXZ)
                 Referenced in ThreeDPos.obj
                 Referenced in .NETFramework,Version=v4.5.2.AssemblyAttributes.obj
                 Referenced in Peaches__CLR2.obj
                 Referenced in Peaches__CLR2.obj
                 Referenced in stdafx.obj
                 Referenced in ThreeDPos.obj
                 Referenced in MotorManager.obj
                 Referenced in MotorManager.obj
                 Referenced in Peaches_Main.obj
                 Referenced in Peaches_Main.obj
                 Referenced in DataStruct.obj
                 Referenced in DataStruct.obj
                 Referenced in Kinect_ImProc.obj
                 Referenced in Kinect_ImProc.obj
                 Referenced in AssemblyInfo.obj
                 Referenced in AssemblyInfo.obj
                 Referenced in Communications.obj
                 Referenced in Communications.obj
                 Loaded MSVCMRTD.lib(mstartup.obj)
         Processed /DEFAULTLIB:kernel32.lib
         Processed /DEFAULTLIB:ucrtd.lib
               Found "extern "C" void __clrcall ___CxxCallUnwindDtor(void (__clrcall*)(void *),void *)" (?___CxxCallUnwindDtor@@$$J0YMXP6MXPAX@Z0@Z)
                 Referenced in Peaches__CLR2.obj
                 Referenced in MSVCMRTD.lib(mstartup.obj)
                 Referenced in Communications.obj
                 Referenced in DataStruct.obj
                 Referenced in Kinect_ImProc.obj
                 Referenced in Peaches_Main.obj
                 Loaded MSVCMRTD.lib(managdeh.obj)
               Found "void __cdecl std::_Facet_Register_m(class std::_Facet_base *)" (?_Facet_Register_m@std@@$$FYAXPAV_Facet_base@1@@Z)
                 Referenced in Communications.obj
                 Referenced in Kinect_ImProc.obj
                 Loaded MSVCMRTD.lib(locale0_implib.obj)
               Found "void __clrcall `eh vector destructor iterator'(void *,unsigned int,unsigned int,void (__clrcall*)(void *))" (??_M@$$FYMXPAXIIP6MX0@Z@Z)
                 Referenced in Peaches__CLR2.obj
                 Referenced in Communications.obj
                 Referenced in DataStruct.obj
                 Referenced in Kinect_ImProc.obj
                 Referenced in Peaches_Main.obj
                 Loaded MSVCMRTD.lib(mehvecdtr.obj)
               Found "int __clrcall mainCRTStartupStrArray(cli::array<class System::String ^ >^)" (?mainCRTStartupStrArray@@$$FYMHP$01AP$AAVString@System@@@Z)
                 Loaded MSVCMRTD.lib(ManagedMain.obj)
               Found "extern "C" void __clrcall _app_exit_callback(void)" (?_app_exit_callback@@$$J0YMXXZ)
                 Referenced in MSVCMRTD.lib(mstartup.obj)
                 Loaded MSVCMRTD.lib(msilexit.obj)
               Found "void __clrcall _initterm_m(void const * (__clrcall*const *)(void),void const * (__clrcall*const *)(void))" (?_initterm_m@@$$FYMXPBQ6MPBXXZ0@Z)
                 Referenced in MSVCMRTD.lib(mstartup.obj)
                 Loaded MSVCMRTD.lib(pureMSILcode.obj)
               Found "extern "C" enum _crt_argv_mode __cdecl _get_startup_argv_mode(void)" (?_get_startup_argv_mode@@$$J0YA?AW4_crt_argv_mode@@XZ)
                 Referenced in MSVCMRTD.lib(ManagedMain.obj)
                 Loaded MSVCMRTD.lib(argv_mode.obj)
               Found "extern "C" int __cdecl _get_startup_new_mode(void)" (?_get_startup_new_mode@@$$J0YAHXZ)
                 Referenced in MSVCMRTD.lib(ManagedMain.obj)
                 Loaded MSVCMRTD.lib(new_mode.obj)
               Found "extern "C" int __cdecl _get_startup_file_mode(void)" (?_get_startup_file_mode@@$$J0YAHXZ)
                 Referenced in MSVCMRTD.lib(ManagedMain.obj)
                 Loaded MSVCMRTD.lib(file_mode.obj)
               Found "extern "C" int __cdecl _get_startup_commit_mode(void)" (?_get_startup_commit_mode@@$$J0YAHXZ)
                 Referenced in MSVCMRTD.lib(ManagedMain.obj)
                 Loaded MSVCMRTD.lib(commit_mode.obj)
               Found "extern "C" int __cdecl _get_startup_thread_locale_mode(void)" (?_get_startup_thread_locale_mode@@$$J0YAHXZ)
                 Referenced in MSVCMRTD.lib(ManagedMain.obj)
                 Loaded MSVCMRTD.lib(thread_locale.obj)
               Found ___scrt_default_matherr
                 Referenced in MSVCMRTD.lib(ManagedMain.obj)
                 Loaded MSVCMRTD.lib(matherr.obj)
             Searching C:\Program Files (x86)\Windows Kits\8.1\lib\winv6.3\um\x86\MSCOREE.lib:
             Searching C:\Program Files (x86)\Windows Kits\8.1\lib\winv6.3\um\x86\uuid.lib:
             Searching C:\Program Files (x86)\Windows Kits\8.1\lib\winv6.3\um\x86\freeglut.lib:
             Searching C:\Program Files (x86)\Windows Kits\8.1\lib\winv6.3\um\x86\glu32.lib:
             Searching C:\Program Files (x86)\Windows Kits\8.1\lib\winv6.3\um\x86\opengl32.lib:
             Searching C:\Program Files (x86)\Windows Kits\8.1\lib\winv6.3\um\x86\gdi32.lib:
             Searching C:\Program Files (x86)\Windows Kits\8.1\lib\winv6.3\um\x86\winmm.lib:
             Searching C:\Program Files (x86)\Windows Kits\8.1\lib\winv6.3\um\x86\user32.lib:
             Searching C:\Program Files (x86)\Microsoft Visual Studio 14.0\VC\lib\msvcprtd.lib:
               Found "__declspec(dllimport) public: static class std::locale::id std::ctype<char>::id" (__imp_?id@?$ctype@D@std@@2V0locale@2@A)
                 Referenced in Communications.obj
                 Referenced in Kinect_ImProc.obj
                 Loaded msvcprtd.lib(MSVCP140D.dll)
               Found "__declspec(dllimport) class std::basic_ostream<char,struct std::char_traits<char> > std::cout" (__imp_?cout@std@@3V?$basic_ostream@DU?$char_traits@D@std@@@1@A)
                 Referenced in Communications.obj
                 Referenced in Kinect_ImProc.obj
                 Referenced in Peaches_Main.obj
                 Referenced in Peaches__CLR2.obj
                 Loaded msvcprtd.lib(MSVCP140D.dll)
               Found "__declspec(dllimport) class std::basic_istream<char,struct std::char_traits<char> > std::cin" (__imp_?cin@std@@3V?$basic_istream@DU?$char_traits@D@std@@@1@A)
                 Referenced in Communications.obj
                 Referenced in Kinect_ImProc.obj
                 Loaded msvcprtd.lib(MSVCP140D.dll)
               Found __IMPORT_DESCRIPTOR_MSVCP140D
                 Referenced in msvcprtd.lib(MSVCP140D.dll)
                 Referenced in msvcprtd.lib(MSVCP140D.dll)
                 Referenced in msvcprtd.lib(MSVCP140D.dll)
                 Loaded msvcprtd.lib(MSVCP140D.dll)
               Found __NULL_IMPORT_DESCRIPTOR
                 Referenced in msvcprtd.lib(MSVCP140D.dll)
                 Loaded msvcprtd.lib(MSVCP140D.dll)
               Found MSVCP140D_NULL_THUNK_DATA
                 Referenced in msvcprtd.lib(MSVCP140D.dll)
                 Loaded msvcprtd.lib(MSVCP140D.dll)
             Searching C:\Program Files (x86)\Microsoft Visual Studio 14.0\VC\lib\comsupp.lib:
             Searching C:\Program Files (x86)\Windows Kits\8.1\lib\winv6.3\um\x86\oleaut32.lib:
             Searching C:\Program Files (x86)\Windows Kits\8.1\lib\winv6.3\um\x86\kernel32.lib:
             Searching C:\Program Files (x86)\Windows Kits\10\lib\10.0.10150.0\ucrt\x86\ucrtd.lib:
               Found _exit
                 Referenced in Peaches_Main.obj
                 Loaded ucrtd.lib(ucrtbased.dll)
               Found __free_dbg
                 Referenced in MSVCRTD.lib(delete_scalar.obj)
                 Loaded ucrtd.lib(ucrtbased.dll)
               Found ___setusermatherr
                 Referenced in MSVCMRTD.lib(ManagedMain.obj)
                 Loaded ucrtd.lib(ucrtbased.dll)
               Found __IMPORT_DESCRIPTOR_ucrtbased
                 Referenced in ucrtd.lib(ucrtbased.dll)
                 Referenced in ucrtd.lib(ucrtbased.dll)
                 Referenced in ucrtd.lib(ucrtbased.dll)
                 Loaded ucrtd.lib(ucrtbased.dll)
               Found ucrtbased_NULL_THUNK_DATA
                 Referenced in ucrtd.lib(ucrtbased.dll)
                 Loaded ucrtd.lib(ucrtbased.dll)
             Searching Kinect10.lib:
             Searching C:\Program Files (x86)\Microsoft Visual Studio 14.0\VC\lib\MSVCRTD.lib:
               Found ___scrt_native_dllmain_reason
                 Referenced in MSVCMRTD.lib(mstartup.obj)
                 Loaded MSVCRTD.lib(utility.obj)
               Found ___xi_a
                 Referenced in MSVCMRTD.lib(mstartup.obj)
                 Loaded MSVCRTD.lib(initializers.obj)
          Processed /DISALLOWLIB:msvcrt.lib
          Processed /DISALLOWLIB:libcmt.lib
          Processed /DISALLOWLIB:libcmtd.lib
          Processed /DISALLOWLIB:vcruntime.lib
         Processed /DEFAULTLIB:vcruntimed.lib
          Processed /DISALLOWLIB:libvcruntime.lib
          Processed /DISALLOWLIB:libvcruntimed.lib
          Processed /DISALLOWLIB:ucrt.lib
          Processed /DISALLOWLIB:libucrt.lib
          Processed /DISALLOWLIB:libucrtd.lib
               Found ___scrt_fastfail
                 Referenced in MSVCMRTD.lib(ManagedMain.obj)
                 Referenced in MSVCRTD.lib(utility.obj)
                 Loaded MSVCRTD.lib(utility_desktop.obj)
               Found __RTC_Initialize
                 Referenced in MSVCMRTD.lib(ManagedMain.obj)
                 Loaded MSVCRTD.lib(_initsect_.obj)
               Found ___isa_available_init
                 Referenced in MSVCRTD.lib(utility.obj)
                 Loaded MSVCRTD.lib(_cpu_disp_.obj)
               Found ___scrt_is_ucrt_dll_in_use
                 Referenced in MSVCRTD.lib(utility.obj)
                 Loaded MSVCRTD.lib(ucrt_detection.obj)
               Found @_guard_check_icall@4
                 Referenced in MSVCRTD.lib(utility.obj)
                 Referenced in MSVCRTD.lib(_initsect_.obj)
                 Loaded MSVCRTD.lib(checkcfg.obj)
               Found __except_handler4
                 Referenced in MSVCRTD.lib(utility.obj)
                 Loaded MSVCRTD.lib(_chandler4gs_.obj)
               Found ___security_cookie
                 Referenced in MSVCRTD.lib(utility.obj)
                 Referenced in MSVCRTD.lib(utility.obj)
                 Referenced in MSVCRTD.lib(_cpu_disp_.obj)
                 Referenced in MSVCRTD.lib(_chandler4gs_.obj)
                 Loaded MSVCRTD.lib(gs_cookie.obj)
               Found @__security_check_cookie@4
                 Referenced in MSVCRTD.lib(_cpu_disp_.obj)
                 Referenced in MSVCRTD.lib(_chandler4gs_.obj)
                 Loaded MSVCRTD.lib(_secchk_.obj)
               Found ___guard_check_icall_fptr
                 Referenced in MSVCRTD.lib(checkcfg.obj)
                 Loaded MSVCRTD.lib(guard_support.obj)
               Found ___report_gsfailure
                 Referenced in MSVCRTD.lib(_secchk_.obj)
                 Loaded MSVCRTD.lib(gs_report.obj)
             Searching C:\Program Files (x86)\Microsoft Visual Studio 14.0\VC\lib\OLDNAMES.lib:
             Searching C:\Program Files (x86)\Microsoft Visual Studio 14.0\VC\lib\MSVCMRTD.lib:
             Searching C:\Program Files (x86)\Windows Kits\8.1\lib\winv6.3\um\x86\MSCOREE.lib:
             Searching C:\Program Files (x86)\Windows Kits\8.1\lib\winv6.3\um\x86\uuid.lib:
             Searching C:\Program Files (x86)\Windows Kits\8.1\lib\winv6.3\um\x86\freeglut.lib:
             Searching C:\Program Files (x86)\Windows Kits\8.1\lib\winv6.3\um\x86\glu32.lib:
             Searching C:\Program Files (x86)\Windows Kits\8.1\lib\winv6.3\um\x86\opengl32.lib:
             Searching C:\Program Files (x86)\Windows Kits\8.1\lib\winv6.3\um\x86\gdi32.lib:
             Searching C:\Program Files (x86)\Windows Kits\8.1\lib\winv6.3\um\x86\winmm.lib:
             Searching C:\Program Files (x86)\Windows Kits\8.1\lib\winv6.3\um\x86\user32.lib:
             Searching C:\Program Files (x86)\Microsoft Visual Studio 14.0\VC\lib\msvcprtd.lib:
             Searching C:\Program Files (x86)\Microsoft Visual Studio 14.0\VC\lib\comsupp.lib:
             Searching C:\Program Files (x86)\Windows Kits\8.1\lib\winv6.3\um\x86\oleaut32.lib:
             Searching C:\Program Files (x86)\Windows Kits\8.1\lib\winv6.3\um\x86\kernel32.lib:
               Found __imp__IsDebuggerPresent@0
                 Referenced in MSVCRTD.lib(utility_desktop.obj)
                 Loaded kernel32.lib(KERNEL32.dll)
               Found __imp__UnhandledExceptionFilter@4
                 Referenced in MSVCRTD.lib(utility_desktop.obj)
                 Referenced in MSVCRTD.lib(gs_report.obj)
                 Loaded kernel32.lib(KERNEL32.dll)
               Found __imp__SetUnhandledExceptionFilter@4
                 Referenced in MSVCRTD.lib(utility_desktop.obj)
                 Referenced in MSVCRTD.lib(gs_report.obj)
                 Loaded kernel32.lib(KERNEL32.dll)
               Found __imp__GetStartupInfoW@4
                 Referenced in MSVCRTD.lib(utility_desktop.obj)
                 Loaded kernel32.lib(KERNEL32.dll)
               Found _IsProcessorFeaturePresent@4
                 Referenced in MSVCRTD.lib(utility_desktop.obj)
                 Referenced in MSVCRTD.lib(_cpu_disp_.obj)
                 Referenced in MSVCRTD.lib(gs_report.obj)
                 Loaded kernel32.lib(KERNEL32.dll)
               Found __imp__GetModuleHandleW@4
                 Referenced in MSVCRTD.lib(utility_desktop.obj)
                 Loaded kernel32.lib(KERNEL32.dll)
               Found __imp__GetCurrentProcess@0
                 Referenced in MSVCRTD.lib(gs_report.obj)
                 Loaded kernel32.lib(KERNEL32.dll)
               Found __imp__TerminateProcess@8
                 Referenced in MSVCRTD.lib(gs_report.obj)
                 Loaded kernel32.lib(KERNEL32.dll)
               Found __IMPORT_DESCRIPTOR_KERNEL32
                 Referenced in kernel32.lib(KERNEL32.dll)
                 Referenced in kernel32.lib(KERNEL32.dll)
                 Referenced in kernel32.lib(KERNEL32.dll)
                 Referenced in kernel32.lib(KERNEL32.dll)
                 Referenced in kernel32.lib(KERNEL32.dll)
                 Referenced in kernel32.lib(KERNEL32.dll)
                 Referenced in kernel32.lib(KERNEL32.dll)
                 Referenced in kernel32.lib(KERNEL32.dll)
                 Loaded kernel32.lib(KERNEL32.dll)
               Found KERNEL32_NULL_THUNK_DATA
                 Referenced in kernel32.lib(KERNEL32.dll)
                 Loaded kernel32.lib(KERNEL32.dll)
             Searching C:\Program Files (x86)\Windows Kits\10\lib\10.0.10150.0\ucrt\x86\ucrtd.lib:
               Found __seh_filter_dll
                 Referenced in MSVCRTD.lib(utility.obj)
                 Loaded ucrtd.lib(ucrtbased.dll)
               Found __initialize_narrow_environment
                 Referenced in MSVCRTD.lib(utility.obj)
                 Loaded ucrtd.lib(ucrtbased.dll)
               Found __initialize_onexit_table
                 Referenced in MSVCRTD.lib(utility.obj)
                 Loaded ucrtd.lib(ucrtbased.dll)
               Found __register_onexit_function
                 Referenced in MSVCRTD.lib(utility.obj)
                 Loaded ucrtd.lib(ucrtbased.dll)
               Found __execute_onexit_table
                 Referenced in MSVCRTD.lib(utility.obj)
                 Loaded ucrtd.lib(ucrtbased.dll)
               Found __crt_atexit
                 Referenced in MSVCRTD.lib(utility.obj)
                 Loaded ucrtd.lib(ucrtbased.dll)
               Found __crt_at_quick_exit
                 Referenced in MSVCRTD.lib(utility.obj)
                 Loaded ucrtd.lib(ucrtbased.dll)
               Found __cexit
                 Referenced in MSVCRTD.lib(utility.obj)
                 Loaded ucrtd.lib(ucrtbased.dll)
               Found _terminate
                 Referenced in MSVCRTD.lib(utility_desktop.obj)
                 Loaded ucrtd.lib(ucrtbased.dll)
               Found _memset
                 Referenced in MSVCRTD.lib(utility_desktop.obj)
                 Loaded ucrtd.lib(ucrtbased.dll)
             Searching C:\Program Files (x86)\Microsoft Visual Studio 14.0\VC\lib\vcruntimed.lib:
               Found ___std_exception_copy
                 Referenced in MSVCRTD.lib(throw_bad_alloc.obj)
                 Loaded vcruntimed.lib(VCRUNTIME140D.dll)
               Found ___std_exception_destroy
                 Referenced in MSVCRTD.lib(throw_bad_alloc.obj)
                 Loaded vcruntimed.lib(VCRUNTIME140D.dll)
               Found __CxxThrowException@8
                 Referenced in MSVCRTD.lib(throw_bad_alloc.obj)
                 Loaded vcruntimed.lib(VCRUNTIME140D.dll)
               Found __except_handler4_common
                 Referenced in MSVCRTD.lib(_chandler4gs_.obj)
                 Loaded vcruntimed.lib(VCRUNTIME140D.dll)
               Found __IMPORT_DESCRIPTOR_VCRUNTIME140D
                 Referenced in vcruntimed.lib(VCRUNTIME140D.dll)
                 Referenced in vcruntimed.lib(VCRUNTIME140D.dll)
                 Referenced in vcruntimed.lib(VCRUNTIME140D.dll)
                 Referenced in vcruntimed.lib(VCRUNTIME140D.dll)
                 Loaded vcruntimed.lib(VCRUNTIME140D.dll)
               Found VCRUNTIME140D_NULL_THUNK_DATA
                 Referenced in vcruntimed.lib(VCRUNTIME140D.dll)
                 Loaded vcruntimed.lib(VCRUNTIME140D.dll)
             Searching Kinect10.lib:
             Searching C:\Program Files (x86)\Microsoft Visual Studio 14.0\VC\lib\MSVCRTD.lib:
             Searching C:\Program Files (x86)\Microsoft Visual Studio 14.0\VC\lib\OLDNAMES.lib:
             Searching C:\Program Files (x86)\Microsoft Visual Studio 14.0\VC\lib\MSVCMRTD.lib:
             Searching C:\Program Files (x86)\Windows Kits\8.1\lib\winv6.3\um\x86\MSCOREE.lib:
             Searching C:\Program Files (x86)\Windows Kits\8.1\lib\winv6.3\um\x86\uuid.lib:
             Searching C:\Program Files (x86)\Windows Kits\8.1\lib\winv6.3\um\x86\freeglut.lib:
             Searching C:\Program Files (x86)\Windows Kits\8.1\lib\winv6.3\um\x86\glu32.lib:
             Searching C:\Program Files (x86)\Windows Kits\8.1\lib\winv6.3\um\x86\opengl32.lib:
             Searching C:\Program Files (x86)\Windows Kits\8.1\lib\winv6.3\um\x86\gdi32.lib:
             Searching C:\Program Files (x86)\Windows Kits\8.1\lib\winv6.3\um\x86\winmm.lib:
             Searching C:\Program Files (x86)\Windows Kits\8.1\lib\winv6.3\um\x86\user32.lib:
             Searching C:\Program Files (x86)\Microsoft Visual Studio 14.0\VC\lib\msvcprtd.lib:
             Searching C:\Program Files (x86)\Microsoft Visual Studio 14.0\VC\lib\comsupp.lib:
             Searching C:\Program Files (x86)\Windows Kits\8.1\lib\winv6.3\um\x86\oleaut32.lib:
             Searching C:\Program Files (x86)\Windows Kits\8.1\lib\winv6.3\um\x86\kernel32.lib:
             Searching C:\Program Files (x86)\Windows Kits\10\lib\10.0.10150.0\ucrt\x86\ucrtd.lib:
         
         Finished searching libraries
         
         Finished pass 1
         
         
         Searching libraries
             Searching Kinect10.lib:
             Searching C:\Program Files (x86)\Microsoft Visual Studio 14.0\VC\lib\MSVCRTD.lib:
               Found ___scrt_stub_for_acrt_initialize
                 Loaded MSVCRTD.lib(ucrt_stubs.obj)
             Searching C:\Program Files (x86)\Microsoft Visual Studio 14.0\VC\lib\OLDNAMES.lib:
             Searching C:\Program Files (x86)\Microsoft Visual Studio 14.0\VC\lib\MSVCMRTD.lib:
             Searching C:\Program Files (x86)\Windows Kits\8.1\lib\winv6.3\um\x86\MSCOREE.lib:
             Searching C:\Program Files (x86)\Windows Kits\8.1\lib\winv6.3\um\x86\uuid.lib:
             Searching C:\Program Files (x86)\Windows Kits\8.1\lib\winv6.3\um\x86\freeglut.lib:
             Searching C:\Program Files (x86)\Windows Kits\8.1\lib\winv6.3\um\x86\glu32.lib:
             Searching C:\Program Files (x86)\Windows Kits\8.1\lib\winv6.3\um\x86\opengl32.lib:
             Searching C:\Program Files (x86)\Windows Kits\8.1\lib\winv6.3\um\x86\gdi32.lib:
             Searching C:\Program Files (x86)\Windows Kits\8.1\lib\winv6.3\um\x86\winmm.lib:
             Searching C:\Program Files (x86)\Windows Kits\8.1\lib\winv6.3\um\x86\user32.lib:
             Searching C:\Program Files (x86)\Microsoft Visual Studio 14.0\VC\lib\msvcprtd.lib:
             Searching C:\Program Files (x86)\Microsoft Visual Studio 14.0\VC\lib\comsupp.lib:
             Searching C:\Program Files (x86)\Windows Kits\8.1\lib\winv6.3\um\x86\oleaut32.lib:
             Searching C:\Program Files (x86)\Windows Kits\8.1\lib\winv6.3\um\x86\kernel32.lib:
             Searching C:\Program Files (x86)\Windows Kits\10\lib\10.0.10150.0\ucrt\x86\ucrtd.lib:
             Searching C:\Program Files (x86)\Microsoft Visual Studio 14.0\VC\lib\vcruntimed.lib:
         
         Finished searching libraries
         Search transition ?memchr@@$$J0YAPBXPBXHI@Z->_memchr
         Search transition ??_Eexception@std@@UAEPAXI@Z->__t2m@??_Eexception@std@@UAEPAXI@Z
         Search transition ?__std_exception_copy@@$$J0YAXPBU__std_exception_data@@PAU1@@Z->___std_exception_copy
         Search transition ?__std_exception_destroy@@$$J0YAXPAU__std_exception_data@@@Z->___std_exception_destroy
         Search transition ?__ExceptionPtrDestroy@@$$FYAXPAX@Z->?__ExceptionPtrDestroy@@YAXPAX@Z
         Search transition ?__ExceptionPtrCopy@@$$FYAXPAXPBX@Z->?__ExceptionPtrCopy@@YAXPAXPBX@Z
         Search transition ?strlen@@$$J0YAIPBD@Z->_strlen
         Search transition ?memcpy@@$$J0YAPAXPAXPBXI@Z->_memcpy
         Search transition ?memmove@@$$J0YAPAXPAXPBXI@Z->_memmove
         Search transition ?memset@@$$J0YAPAXPAXHI@Z->_memset
         Search transition ?_Debug_message@std@@$$FYAXPB_W0I@Z->?_Debug_message@std@@YAXPB_W0I@Z
         Search transition ??0_Lockit@std@@$$FQAE@H@Z->??0_Lockit@std@@QAE@H@Z
         Search transition ??1_Lockit@std@@$$FQAE@XZ->??1_Lockit@std@@QAE@XZ
         Search transition ??_Ebad_cast@std@@UAEPAXI@Z->__t2m@??_Ebad_cast@std@@UAEPAXI@Z
         Search transition ??_Eruntime_error@std@@UAEPAXI@Z->__t2m@??_Eruntime_error@std@@UAEPAXI@Z
         Search transition ?_Getgloballocale@locale@std@@$$FCAPAV_Locimp@12@XZ->?_Getgloballocale@locale@std@@CAPAV_Locimp@12@XZ
         Search transition ??_E_System_error@std@@UAEPAXI@Z->__t2m@??_E_System_error@std@@UAEPAXI@Z
         Search transition ?WideCharToMultiByte@@$$J232YGHIKPB_WHPADHPBDPAH@Z->_WideCharToMultiByte@32
         Search transition ??_V@$$FYAXPAX@Z->??_V@YAXPAX@Z
         Search transition ?Sleep@@$$J14YGXK@Z->_Sleep@4
         Search transition ??_U@$$FYAPAXI@Z->??_U@YAPAXI@Z
         Search transition ?rdbuf@?$basic_ios@DU?$char_traits@D@std@@@std@@$$FQBEPAV?$basic_streambuf@DU?$char_traits@D@std@@@2@XZ->?rdbuf@?$basic_ios@DU?$char_traits@D@std@@@std@@QBEPAV?$basic_streambuf@DU?$char_traits@D@std@@@2@XZ
         Search transition ?_CrtDbgReportW@@$$J0YAHHPB_WH00ZZ->__CrtDbgReportW
         Search transition ?_invalid_parameter@@$$J0YAXPB_W00II@Z->__invalid_parameter
         Search transition ?_Xout_of_range@std@@$$FYAXPBD@Z->?_Xout_of_range@std@@YAXPBD@Z
         Search transition ?_Xlength_error@std@@$$FYAXPBD@Z->?_Xlength_error@std@@YAXPBD@Z
         Search transition ?_Lockit_ctor@_Lockit@std@@$$FSAXH@Z->?_Lockit_ctor@_Lockit@std@@SAXH@Z
         Search transition ??Bid@locale@std@@$$FQAEIXZ->??Bid@locale@std@@QAEIXZ
         Search transition ?_Getcat@?$ctype@D@std@@$$FSAIPAPBVfacet@locale@2@PBV42@@Z->?_Getcat@?$ctype@D@std@@SAIPAPBVfacet@locale@2@PBV42@@Z
         Search transition ??1bad_cast@std@@UAE@XZ->__t2m@??1bad_cast@std@@UAE@XZ
         Search transition ??0bad_cast@std@@QAE@ABV01@@Z->__t2m@??0bad_cast@std@@QAE@ABV01@@Z
         Search transition ?_CxxThrowException@@$$J18YGXPAXPBU_s__ThrowInfo@@@Z->__CxxThrowException@8
         Search transition ?_Lockit_dtor@_Lockit@std@@$$FSAXH@Z->?_Lockit_dtor@_Lockit@std@@SAXH@Z
         Search transition ?widen@?$basic_ios@DU?$char_traits@D@std@@@std@@$$FQBEDD@Z->?widen@?$basic_ios@DU?$char_traits@D@std@@@std@@QBEDD@Z
         Search transition ?put@?$basic_ostream@DU?$char_traits@D@std@@@std@@$$FQAEAAV12@D@Z->?put@?$basic_ostream@DU?$char_traits@D@std@@@std@@QAEAAV12@D@Z
         Search transition ?flush@?$basic_ostream@DU?$char_traits@D@std@@@std@@$$FQAEAAV12@XZ->?flush@?$basic_ostream@DU?$char_traits@D@std@@@std@@QAEAAV12@XZ
         Search transition ??3@$$FYAXPAX@Z->??3@YAXPAX@Z
         Search transition ?_Xbad_alloc@std@@$$FYAXXZ->?_Xbad_alloc@std@@YAXXZ
         Search transition ??2@$$FYAPAXI@Z->??2@YAPAXI@Z
         Search transition ??_Esystem_error@std@@UAEPAXI@Z->__t2m@??_Esystem_error@std@@UAEPAXI@Z
         Search transition ?uncaught_exception@std@@$$FYA_NXZ->?uncaught_exception@std@@YA_NXZ
         Search transition ?_Osfx@?$basic_ostream@DU?$char_traits@D@std@@@std@@$$FQAEXXZ->?_Osfx@?$basic_ostream@DU?$char_traits@D@std@@@std@@QAEXXZ
         Search transition ?good@ios_base@std@@$$FQBE_NXZ->?good@ios_base@std@@QBE_NXZ
         Search transition ?tie@?$basic_ios@DU?$char_traits@D@std@@@std@@$$FQBEPAV?$basic_ostream@DU?$char_traits@D@std@@@2@XZ->?tie@?$basic_ios@DU?$char_traits@D@std@@@std@@QBEPAV?$basic_ostream@DU?$char_traits@D@std@@@2@XZ
         Search transition ?__CxxQueryExceptionSize@@$$J0YAHXZ->___CxxQueryExceptionSize
         Search transition ?width@ios_base@std@@$$FQBE_JXZ->?width@ios_base@std@@QBE_JXZ
         Search transition ?flags@ios_base@std@@$$FQBEHXZ->?flags@ios_base@std@@QBEHXZ
         Search transition ?fill@?$basic_ios@DU?$char_traits@D@std@@@std@@$$FQBEDXZ->?fill@?$basic_ios@DU?$char_traits@D@std@@@std@@QBEDXZ
         Search transition ?sputc@?$basic_streambuf@DU?$char_traits@D@std@@@std@@$$FQAEHD@Z->?sputc@?$basic_streambuf@DU?$char_traits@D@std@@@std@@QAEHD@Z
         Search transition ?sputn@?$basic_streambuf@DU?$char_traits@D@std@@@std@@$$FQAE_JPBD_J@Z->?sputn@?$basic_streambuf@DU?$char_traits@D@std@@@std@@QAE_JPBD_J@Z
         Search transition ?width@ios_base@std@@$$FQAE_J_J@Z->?width@ios_base@std@@QAE_J_J@Z
         Search transition ?__CxxExceptionFilter@@$$J0YAHPAX0H0@Z->___CxxExceptionFilter
         Search transition ?__CxxRegisterExceptionObject@@$$J0YAHPAX0@Z->___CxxRegisterExceptionObject
         Search transition ?setstate@?$basic_ios@DU?$char_traits@D@std@@@std@@$$FQAEXH_N@Z->?setstate@?$basic_ios@DU?$char_traits@D@std@@@std@@QAEXH_N@Z
         Search transition ?__CxxDetectRethrow@@$$J0YAHPAX@Z->___CxxDetectRethrow
         Search transition ?__CxxUnregisterExceptionObject@@$$J0YAXPAXH@Z->___CxxUnregisterExceptionObject
         Search transition ?_Ipfx@?$basic_istream@DU?$char_traits@D@std@@@std@@$$FQAE_N_N@Z->?_Ipfx@?$basic_istream@DU?$char_traits@D@std@@@std@@QAE_N_N@Z
         Search transition ??_Efailure@ios_base@std@@UAEPAXI@Z->__t2m@??_Efailure@ios_base@std@@UAEPAXI@Z
         Search transition ??6?$basic_ostream@DU?$char_traits@D@std@@@std@@$$FQAEAAV01@_N@Z->??6?$basic_ostream@DU?$char_traits@D@std@@@std@@QAEAAV01@_N@Z
         Search transition ??$endl@DU?$char_traits@D@std@@@std@@YAAAV?$basic_ostream@DU?$char_traits@D@std@@@0@AAV10@@Z->__t2m@??$endl@DU?$char_traits@D@std@@@std@@YAAAV?$basic_ostream@DU?$char_traits@D@std@@@0@AAV10@@Z
         Search transition ??6?$basic_ostream@DU?$char_traits@D@std@@@std@@$$FQAEAAV01@P6AAAV01@AAV01@@Z@Z->??6?$basic_ostream@DU?$char_traits@D@std@@@std@@QAEAAV01@P6AAAV01@AAV01@@Z@Z
         Search transition ?atan@@$$J0YANN@Z->_atan
         Search transition ?acos@@$$J0YANN@Z->_acos
         Search transition ?sqrt@@$$J0YANN@Z->_sqrt
         Search transition ??6?$basic_ostream@DU?$char_traits@D@std@@@std@@$$FQAEAAV01@N@Z->??6?$basic_ostream@DU?$char_traits@D@std@@@std@@QAEAAV01@N@Z
         Search transition ??6?$basic_ostream@DU?$char_traits@D@std@@@std@@$$FQAEAAV01@H@Z->??6?$basic_ostream@DU?$char_traits@D@std@@@std@@QAEAAV01@H@Z
         Search transition ?_errno@@$$J0YAPAHXZ->__errno
         Search transition ?strtof@@$$J0YAMPBDPAPAD@Z->_strtof
         Search transition ?_Xinvalid_argument@std@@$$FYAXPBD@Z->?_Xinvalid_argument@std@@YAXPBD@Z
         Search transition ?getloc@ios_base@std@@$$FQBE?AVlocale@2@XZ->?getloc@ios_base@std@@QBE?AVlocale@2@XZ
         Search transition ?sgetc@?$basic_streambuf@DU?$char_traits@D@std@@@std@@$$FQAEHXZ->?sgetc@?$basic_streambuf@DU?$char_traits@D@std@@@std@@QAEHXZ
         Search transition ?snextc@?$basic_streambuf@DU?$char_traits@D@std@@@std@@$$FQAEHXZ->?snextc@?$basic_streambuf@DU?$char_traits@D@std@@@std@@QAEHXZ
         Search transition ?is@?$ctype@D@std@@$$FQBE_NFD@Z->?is@?$ctype@D@std@@QBE_NFD@Z
         Search transition ??_V@$$FYAXPAXI@Z->??_V@YAXPAXI@Z
         Search transition ??3@$$FYAXPAXI@Z->??3@YAXPAXI@Z
         Search transition ?NuiImageGetColorPixelCoordinatesFromDepthPixelAtResolution@@$$J232YGJW4_NUI_IMAGE_RESOLUTION@@0PBU_NUI_IMAGE_VIEW_AREA@@JJGPAJ2@Z->_NuiImageGetColorPixelCoordinatesFromDepthPixelAtResolution@32
         Search transition ?NuiGetSensorCount@@$$J14YGJPAH@Z->_NuiGetSensorCount@4
         Search transition ?NuiCreateSensorByIndex@@$$J18YGJHPAPAUINuiSensor@@@Z->_NuiCreateSensorByIndex@8
         Search transition ??6?$basic_ostream@DU?$char_traits@D@std@@@std@@$$FQAEAAV01@J@Z->??6?$basic_ostream@DU?$char_traits@D@std@@@std@@QAEAAV01@J@Z
         Search transition ??6?$basic_ostream@DU?$char_traits@D@std@@@std@@$$FQAEAAV01@PBX@Z->??6?$basic_ostream@DU?$char_traits@D@std@@@std@@QAEAAV01@PBX@Z
         Search transition ?__glutInitWithExit@@$$J212YGXPAHPAPADP6AXH@Z@Z->___glutInitWithExit@12
         Search transition ?__glutCreateWindowWithExit@@$$J18YGHPBDP6AXH@Z@Z->___glutCreateWindowWithExit@8
         Search transition ?fabs@@$$J0YANN@Z->_fabs
         Search transition ?abs@@$$J0YAHH@Z->_abs
         Search transition ?glBindTexture@@$$J18YGXII@Z->_glBindTexture@8
         Search transition ?glTexSubImage2D@@$$J236YGXIHHHHHIIPBX@Z->_glTexSubImage2D@36
         Search transition ?glClear@@$$J14YGXI@Z->_glClear@4
         Search transition ?glBegin@@$$J14YGXI@Z->_glBegin@4
         Search transition ?glTexCoord2f@@$$J18YGXMM@Z->_glTexCoord2f@8
         Search transition ?glVertex3f@@$$J212YGXMMM@Z->_glVertex3f@12
         Search transition ?glEnd@@$$J10YGXXZ->_glEnd@0
         Search transition ?glutSwapBuffers@@$$J10YGXXZ->_glutSwapBuffers@0
         Search transition ?strdup@@$$J0YAPADPBD@Z->_strdup
         Search transition ?glutInitDisplayMode@@$$J14YGXI@Z->_glutInitDisplayMode@4
         Search transition ?glutInitWindowSize@@$$J18YGXHH@Z->_glutInitWindowSize@8
         Search transition ?glutDisplayFunc@@$$J14YGXP6AXXZ@Z->_glutDisplayFunc@4
         Search transition ?glutIdleFunc@@$$J14YGXP6AXXZ@Z->_glutIdleFunc@4
         Search transition ?glGenTextures@@$$J18YGXHPAI@Z->_glGenTextures@8
         Search transition ?glTexParameteri@@$$J212YGXIIH@Z->_glTexParameteri@12
         Search transition ?glTexImage2D@@$$J236YGXIHHHHHIIPBX@Z->_glTexImage2D@36
         Search transition ?glClearColor@@$$J216YGXMMMM@Z->_glClearColor@16
         Search transition ?glClearDepth@@$$J18YGXN@Z->_glClearDepth@8
         Search transition ?glEnable@@$$J14YGXI@Z->_glEnable@4
         Search transition ?glViewport@@$$J216YGXHHHH@Z->_glViewport@16
         Search transition ?glMatrixMode@@$$J14YGXI@Z->_glMatrixMode@4
         Search transition ?glLoadIdentity@@$$J10YGXXZ->_glLoadIdentity@0
         Search transition ?glOrtho@@$$J248YGXNNNNNN@Z->_glOrtho@48
         Search transition ?glutMainLoop@@$$J10YGXXZ->_glutMainLoop@0
         Search transition ?atexit@@$$J0YAHP6AXXZ@Z->_atexit
         Search transition ??_Etype_info@@UAEPAXI@Z->__t2m@??_Etype_info@@UAEPAXI@Z
         Search transition ??_Ebad_alloc@std@@UAEPAXI@Z->__t2m@??_Ebad_alloc@std@@UAEPAXI@Z
         Search transition ??_Ebad_array_new_length@std@@UAEPAXI@Z->__t2m@??_Ebad_array_new_length@std@@UAEPAXI@Z
         Search transition ?DoNothing@DefaultDomain@<CrtImplementationDetails>@@CGJPAX@Z->__t2m@?DoNothing@DefaultDomain@<CrtImplementationDetails>@@CGJPAX@Z
         Search transition ?_cexit@@$$J0YAXXZ->__cexit
         Search transition ?_UninitializeDefaultDomain@LanguageSupport@<CrtImplementationDetails>@@CGJPAX@Z->__t2m@?_UninitializeDefaultDomain@LanguageSupport@<CrtImplementationDetails>@@CGJPAX@Z
         Search transition ?__security_init_cookie@@$$J0YAXXZ->___security_init_cookie
         Search transition ?abort@@$$J0YAXXZ->_abort
         Search transition ?_getFiberPtrId@@$$FYAPAXXZ->?_getFiberPtrId@@YAPAXXZ
         Search transition ?__FrameUnwindFilter@@$$J0YAHPAU_EXCEPTION_POINTERS@@@Z->___FrameUnwindFilter
         Search transition ?_malloc_dbg@@$$J0YAPAXIHPBDH@Z->__malloc_dbg
         Search transition ?_free_dbg@@$$J0YAXPAXH@Z->__free_dbg
         Search transition ?terminate@@$$J0YAXXZ->_terminate
         Search transition ?_configure_wide_argv@@$$J0YAHW4_crt_argv_mode@@@Z->__configure_wide_argv
         Search transition ?_set_new_mode@@$$J0YAHH@Z->__set_new_mode
         Search transition ?_get_initial_wide_environment@@$$J0YAPAPA_WXZ->__get_initial_wide_environment
         Search transition ?_seh_filter_exe@@$$J0YAHKPAU_EXCEPTION_POINTERS@@@Z->__seh_filter_exe
         Search transition ?GetModuleHandleW@@$$J14YGPAUHINSTANCE__@@PB_W@Z->_GetModuleHandleW@4
         Search transition ?_set_app_type@@$$J0YAXW4_crt_app_type@@@Z->__set_app_type
         Search transition ?_set_fmode@@$$J0YAHH@Z->__set_fmode
         Search transition ?__p__commode@@$$J0YAPAHXZ->___p__commode
         Search transition ?_configthreadlocale@@$$J0YAHH@Z->__configthreadlocale
         Search transition ___vcrt_initialize->__t2m@___vcrt_initialize
         Search transition ___vcrt_uninitialize->__t2m@___vcrt_uninitialize
         Search transition ___vcrt_uninitialize_critical->__t2m@___vcrt_uninitialize_critical
         Search transition ___vcrt_thread_attach->__t2m@___vcrt_thread_attach
         Search transition ___vcrt_thread_detach->__t2m@___vcrt_thread_detach
         Search transition __is_c_termination_complete->__t2m@__is_c_termination_complete
         Search transition ___acrt_initialize->__t2m@___acrt_initialize
         Search transition ___acrt_uninitialize->__t2m@___acrt_uninitialize
         Search transition ___acrt_uninitialize_critical->__t2m@___acrt_uninitialize_critical
         Search transition ___acrt_thread_attach->__t2m@___acrt_thread_attach
         Search transition ___acrt_thread_detach->__t2m@___acrt_thread_detach
         
         Searching libraries
             Searching Kinect10.lib:
               Found _NuiImageGetColorPixelCoordinatesFromDepthPixelAtResolution@32
                 Loaded Kinect10.lib(Kinect10.dll)
               Found _NuiGetSensorCount@4
                 Loaded Kinect10.lib(Kinect10.dll)
               Found _NuiCreateSensorByIndex@8
                 Loaded Kinect10.lib(Kinect10.dll)
               Found __IMPORT_DESCRIPTOR_Kinect10
                 Referenced in Kinect10.lib(Kinect10.dll)
                 Referenced in Kinect10.lib(Kinect10.dll)
                 Referenced in Kinect10.lib(Kinect10.dll)
                 Loaded Kinect10.lib(Kinect10.dll)
               Found Kinect10_NULL_THUNK_DATA
                 Referenced in Kinect10.lib(Kinect10.dll)
                 Loaded Kinect10.lib(Kinect10.dll)
             Searching C:\Program Files (x86)\Microsoft Visual Studio 14.0\VC\lib\MSVCRTD.lib:
               Found "void __cdecl operator delete[](void *)" (??_V@YAXPAX@Z)
                 Loaded MSVCRTD.lib(delete_array.obj)
               Found "void * __cdecl operator new[](unsigned int)" (??_U@YAPAXI@Z)
                 Loaded MSVCRTD.lib(new_array.obj)
               Found "void * __cdecl operator new(unsigned int)" (??2@YAPAXI@Z)
                 Referenced in MSVCRTD.lib(new_array.obj)
                 Loaded MSVCRTD.lib(new_scalar.obj)
               Found "void __cdecl operator delete[](void *,unsigned int)" (??_V@YAXPAXI@Z)
                 Loaded MSVCRTD.lib(delete_array_size.obj)
               Found ___security_init_cookie
                 Loaded MSVCRTD.lib(gs_support.obj)
             Searching C:\Program Files (x86)\Microsoft Visual Studio 14.0\VC\lib\OLDNAMES.lib:
               Found _strdup
                 Loaded OLDNAMES.lib(strdup.obj)
             Searching C:\Program Files (x86)\Microsoft Visual Studio 14.0\VC\lib\MSVCMRTD.lib:
             Searching C:\Program Files (x86)\Windows Kits\8.1\lib\winv6.3\um\x86\MSCOREE.lib:
             Searching C:\Program Files (x86)\Windows Kits\8.1\lib\winv6.3\um\x86\uuid.lib:
             Searching C:\Program Files (x86)\Windows Kits\8.1\lib\winv6.3\um\x86\freeglut.lib:
               Found ___glutInitWithExit@12
                 Loaded freeglut.lib(freeglut.dll)
               Found ___glutCreateWindowWithExit@8
                 Loaded freeglut.lib(freeglut.dll)
               Found _glutSwapBuffers@0
                 Loaded freeglut.lib(freeglut.dll)
               Found _glutInitDisplayMode@4
                 Loaded freeglut.lib(freeglut.dll)
               Found _glutInitWindowSize@8
                 Loaded freeglut.lib(freeglut.dll)
               Found _glutDisplayFunc@4
                 Loaded freeglut.lib(freeglut.dll)
               Found _glutIdleFunc@4
                 Loaded freeglut.lib(freeglut.dll)
               Found _glutMainLoop@0
                 Loaded freeglut.lib(freeglut.dll)
               Found __IMPORT_DESCRIPTOR_freeglut
                 Referenced in freeglut.lib(freeglut.dll)
                 Referenced in freeglut.lib(freeglut.dll)
                 Referenced in freeglut.lib(freeglut.dll)
                 Referenced in freeglut.lib(freeglut.dll)
                 Referenced in freeglut.lib(freeglut.dll)
                 Referenced in freeglut.lib(freeglut.dll)
                 Referenced in freeglut.lib(freeglut.dll)
                 Referenced in freeglut.lib(freeglut.dll)
                 Loaded freeglut.lib(freeglut.dll)
               Found freeglut_NULL_THUNK_DATA
                 Referenced in freeglut.lib(freeglut.dll)
                 Loaded freeglut.lib(freeglut.dll)
             Searching C:\Program Files (x86)\Windows Kits\8.1\lib\winv6.3\um\x86\glu32.lib:
             Searching C:\Program Files (x86)\Windows Kits\8.1\lib\winv6.3\um\x86\opengl32.lib:
               Found _glBindTexture@8
                 Loaded opengl32.lib(OPENGL32.dll)
               Found _glTexSubImage2D@36
                 Loaded opengl32.lib(OPENGL32.dll)
               Found _glClear@4
                 Loaded opengl32.lib(OPENGL32.dll)
               Found _glBegin@4
                 Loaded opengl32.lib(OPENGL32.dll)
               Found _glTexCoord2f@8
                 Loaded opengl32.lib(OPENGL32.dll)
               Found _glVertex3f@12
                 Loaded opengl32.lib(OPENGL32.dll)
               Found _glEnd@0
                 Loaded opengl32.lib(OPENGL32.dll)
               Found _glGenTextures@8
                 Loaded opengl32.lib(OPENGL32.dll)
               Found _glTexParameteri@12
                 Loaded opengl32.lib(OPENGL32.dll)
               Found _glTexImage2D@36
                 Loaded opengl32.lib(OPENGL32.dll)
               Found _glClearColor@16
                 Loaded opengl32.lib(OPENGL32.dll)
               Found _glClearDepth@8
                 Loaded opengl32.lib(OPENGL32.dll)
               Found _glEnable@4
                 Loaded opengl32.lib(OPENGL32.dll)
               Found _glViewport@16
                 Loaded opengl32.lib(OPENGL32.dll)
               Found _glMatrixMode@4
                 Loaded opengl32.lib(OPENGL32.dll)
               Found _glLoadIdentity@0
                 Loaded opengl32.lib(OPENGL32.dll)
               Found _glOrtho@48
                 Loaded opengl32.lib(OPENGL32.dll)
               Found __IMPORT_DESCRIPTOR_OPENGL32
                 Referenced in opengl32.lib(OPENGL32.dll)
                 Referenced in opengl32.lib(OPENGL32.dll)
                 Referenced in opengl32.lib(OPENGL32.dll)
                 Referenced in opengl32.lib(OPENGL32.dll)
                 Referenced in opengl32.lib(OPENGL32.dll)
                 Referenced in opengl32.lib(OPENGL32.dll)
                 Referenced in opengl32.lib(OPENGL32.dll)
                 Referenced in opengl32.lib(OPENGL32.dll)
                 Referenced in opengl32.lib(OPENGL32.dll)
                 Referenced in opengl32.lib(OPENGL32.dll)
                 Referenced in opengl32.lib(OPENGL32.dll)
                 Referenced in opengl32.lib(OPENGL32.dll)
                 Referenced in opengl32.lib(OPENGL32.dll)
                 Referenced in opengl32.lib(OPENGL32.dll)
                 Referenced in opengl32.lib(OPENGL32.dll)
                 Referenced in opengl32.lib(OPENGL32.dll)
                 Referenced in opengl32.lib(OPENGL32.dll)
                 Loaded opengl32.lib(OPENGL32.dll)
               Found OPENGL32_NULL_THUNK_DATA
                 Referenced in opengl32.lib(OPENGL32.dll)
                 Loaded opengl32.lib(OPENGL32.dll)
             Searching C:\Program Files (x86)\Windows Kits\8.1\lib\winv6.3\um\x86\gdi32.lib:
             Searching C:\Program Files (x86)\Windows Kits\8.1\lib\winv6.3\um\x86\winmm.lib:
             Searching C:\Program Files (x86)\Windows Kits\8.1\lib\winv6.3\um\x86\user32.lib:
             Searching C:\Program Files (x86)\Microsoft Visual Studio 14.0\VC\lib\msvcprtd.lib:
               Found "void __cdecl __ExceptionPtrDestroy(void *)" (?__ExceptionPtrDestroy@@YAXPAX@Z)
                 Loaded msvcprtd.lib(MSVCP140D.dll)
               Found "void __cdecl __ExceptionPtrCopy(void *,void const *)" (?__ExceptionPtrCopy@@YAXPAXPBX@Z)
                 Loaded msvcprtd.lib(MSVCP140D.dll)
               Found "void __cdecl std::_Debug_message(wchar_t const *,wchar_t const *,unsigned int)" (?_Debug_message@std@@YAXPB_W0I@Z)
                 Loaded msvcprtd.lib(MSVCP140D.dll)
               Found "public: __thiscall std::_Lockit::_Lockit(int)" (??0_Lockit@std@@QAE@H@Z)
                 Loaded msvcprtd.lib(MSVCP140D.dll)
               Found "public: __thiscall std::_Lockit::~_Lockit(void)" (??1_Lockit@std@@QAE@XZ)
                 Loaded msvcprtd.lib(MSVCP140D.dll)
               Found "private: static class std::locale::_Locimp * __cdecl std::locale::_Getgloballocale(void)" (?_Getgloballocale@locale@std@@CAPAV_Locimp@12@XZ)
                 Loaded msvcprtd.lib(MSVCP140D.dll)
               Found "public: class std::basic_streambuf<char,struct std::char_traits<char> > * __thiscall std::basic_ios<char,struct std::char_traits<char> >::rdbuf(void)const " (?rdbuf@?$basic_ios@DU?$char_traits@D@std@@@std@@QBEPAV?$basic_streambuf@DU?$char_traits@D@std@@@2@XZ)
                 Loaded msvcprtd.lib(MSVCP140D.dll)
               Found "void __cdecl std::_Xout_of_range(char const *)" (?_Xout_of_range@std@@YAXPBD@Z)
                 Loaded msvcprtd.lib(MSVCP140D.dll)
               Found "void __cdecl std::_Xlength_error(char const *)" (?_Xlength_error@std@@YAXPBD@Z)
                 Loaded msvcprtd.lib(MSVCP140D.dll)
               Found "public: static void __cdecl std::_Lockit::_Lockit_ctor(int)" (?_Lockit_ctor@_Lockit@std@@SAXH@Z)
                 Loaded msvcprtd.lib(MSVCP140D.dll)
               Found "public: __thiscall std::locale::id::operator unsigned int(void)" (??Bid@locale@std@@QAEIXZ)
                 Loaded msvcprtd.lib(MSVCP140D.dll)
               Found "public: static unsigned int __cdecl std::ctype<char>::_Getcat(class std::locale::facet const * *,class std::locale const *)" (?_Getcat@?$ctype@D@std@@SAIPAPBVfacet@locale@2@PBV42@@Z)
                 Loaded msvcprtd.lib(MSVCP140D.dll)
               Found "public: static void __cdecl std::_Lockit::_Lockit_dtor(int)" (?_Lockit_dtor@_Lockit@std@@SAXH@Z)
                 Loaded msvcprtd.lib(MSVCP140D.dll)
               Found "public: char __thiscall std::basic_ios<char,struct std::char_traits<char> >::widen(char)const " (?widen@?$basic_ios@DU?$char_traits@D@std@@@std@@QBEDD@Z)
                 Loaded msvcprtd.lib(MSVCP140D.dll)
               Found "public: class std::basic_ostream<char,struct std::char_traits<char> > & __thiscall std::basic_ostream<char,struct std::char_traits<char> >::put(char)" (?put@?$basic_ostream@DU?$char_traits@D@std@@@std@@QAEAAV12@D@Z)
                 Loaded msvcprtd.lib(MSVCP140D.dll)
               Found "public: class std::basic_ostream<char,struct std::char_traits<char> > & __thiscall std::basic_ostream<char,struct std::char_traits<char> >::flush(void)" (?flush@?$basic_ostream@DU?$char_traits@D@std@@@std@@QAEAAV12@XZ)
                 Loaded msvcprtd.lib(MSVCP140D.dll)
               Found "void __cdecl std::_Xbad_alloc(void)" (?_Xbad_alloc@std@@YAXXZ)
                 Loaded msvcprtd.lib(MSVCP140D.dll)
               Found "bool __cdecl std::uncaught_exception(void)" (?uncaught_exception@std@@YA_NXZ)
                 Loaded msvcprtd.lib(MSVCP140D.dll)
               Found "public: void __thiscall std::basic_ostream<char,struct std::char_traits<char> >::_Osfx(void)" (?_Osfx@?$basic_ostream@DU?$char_traits@D@std@@@std@@QAEXXZ)
                 Loaded msvcprtd.lib(MSVCP140D.dll)
               Found "public: bool __thiscall std::ios_base::good(void)const " (?good@ios_base@std@@QBE_NXZ)
                 Loaded msvcprtd.lib(MSVCP140D.dll)
               Found "public: class std::basic_ostream<char,struct std::char_traits<char> > * __thiscall std::basic_ios<char,struct std::char_traits<char> >::tie(void)const " (?tie@?$basic_ios@DU?$char_traits@D@std@@@std@@QBEPAV?$basic_ostream@DU?$char_traits@D@std@@@2@XZ)
                 Loaded msvcprtd.lib(MSVCP140D.dll)
               Found "public: __int64 __thiscall std::ios_base::width(void)const " (?width@ios_base@std@@QBE_JXZ)
                 Loaded msvcprtd.lib(MSVCP140D.dll)
               Found "public: int __thiscall std::ios_base::flags(void)const " (?flags@ios_base@std@@QBEHXZ)
                 Loaded msvcprtd.lib(MSVCP140D.dll)
               Found "public: char __thiscall std::basic_ios<char,struct std::char_traits<char> >::fill(void)const " (?fill@?$basic_ios@DU?$char_traits@D@std@@@std@@QBEDXZ)
                 Loaded msvcprtd.lib(MSVCP140D.dll)
               Found "public: int __thiscall std::basic_streambuf<char,struct std::char_traits<char> >::sputc(char)" (?sputc@?$basic_streambuf@DU?$char_traits@D@std@@@std@@QAEHD@Z)
                 Loaded msvcprtd.lib(MSVCP140D.dll)
               Found "public: __int64 __thiscall std::basic_streambuf<char,struct std::char_traits<char> >::sputn(char const *,__int64)" (?sputn@?$basic_streambuf@DU?$char_traits@D@std@@@std@@QAE_JPBD_J@Z)
                 Loaded msvcprtd.lib(MSVCP140D.dll)
               Found "public: __int64 __thiscall std::ios_base::width(__int64)" (?width@ios_base@std@@QAE_J_J@Z)
                 Loaded msvcprtd.lib(MSVCP140D.dll)
               Found "public: void __thiscall std::basic_ios<char,struct std::char_traits<char> >::setstate(int,bool)" (?setstate@?$basic_ios@DU?$char_traits@D@std@@@std@@QAEXH_N@Z)
                 Loaded msvcprtd.lib(MSVCP140D.dll)
               Found "public: bool __thiscall std::basic_istream<char,struct std::char_traits<char> >::_Ipfx(bool)" (?_Ipfx@?$basic_istream@DU?$char_traits@D@std@@@std@@QAE_N_N@Z)
                 Loaded msvcprtd.lib(MSVCP140D.dll)
               Found "public: class std::basic_ostream<char,struct std::char_traits<char> > & __thiscall std::basic_ostream<char,struct std::char_traits<char> >::operator<<(bool)" (??6?$basic_ostream@DU?$char_traits@D@std@@@std@@QAEAAV01@_N@Z)
                 Loaded msvcprtd.lib(MSVCP140D.dll)
               Found "public: class std::basic_ostream<char,struct std::char_traits<char> > & __thiscall std::basic_ostream<char,struct std::char_traits<char> >::operator<<(class std::basic_ostream<char,struct std::char_traits<char> > & (__cdecl*)(class std::basic_ostream<char,struct std::char_traits<char> > &))" (??6?$basic_ostream@DU?$char_traits@D@std@@@std@@QAEAAV01@P6AAAV01@AAV01@@Z@Z)
                 Loaded msvcprtd.lib(MSVCP140D.dll)
               Found "public: class std::basic_ostream<char,struct std::char_traits<char> > & __thiscall std::basic_ostream<char,struct std::char_traits<char> >::operator<<(double)" (??6?$basic_ostream@DU?$char_traits@D@std@@@std@@QAEAAV01@N@Z)
                 Loaded msvcprtd.lib(MSVCP140D.dll)
               Found "public: class std::basic_ostream<char,struct std::char_traits<char> > & __thiscall std::basic_ostream<char,struct std::char_traits<char> >::operator<<(int)" (??6?$basic_ostream@DU?$char_traits@D@std@@@std@@QAEAAV01@H@Z)
                 Loaded msvcprtd.lib(MSVCP140D.dll)
               Found "void __cdecl std::_Xinvalid_argument(char const *)" (?_Xinvalid_argument@std@@YAXPBD@Z)
                 Loaded msvcprtd.lib(MSVCP140D.dll)
               Found "public: class std::locale __thiscall std::ios_base::getloc(void)const " (?getloc@ios_base@std@@QBE?AVlocale@2@XZ)
                 Loaded msvcprtd.lib(MSVCP140D.dll)
               Found "public: int __thiscall std::basic_streambuf<char,struct std::char_traits<char> >::sgetc(void)" (?sgetc@?$basic_streambuf@DU?$char_traits@D@std@@@std@@QAEHXZ)
                 Loaded msvcprtd.lib(MSVCP140D.dll)
               Found "public: int __thiscall std::basic_streambuf<char,struct std::char_traits<char> >::snextc(void)" (?snextc@?$basic_streambuf@DU?$char_traits@D@std@@@std@@QAEHXZ)
                 Loaded msvcprtd.lib(MSVCP140D.dll)
               Found "public: bool __thiscall std::ctype<char>::is(short,char)const " (?is@?$ctype@D@std@@QBE_NFD@Z)
                 Loaded msvcprtd.lib(MSVCP140D.dll)
               Found "public: class std::basic_ostream<char,struct std::char_traits<char> > & __thiscall std::basic_ostream<char,struct std::char_traits<char> >::operator<<(long)" (??6?$basic_ostream@DU?$char_traits@D@std@@@std@@QAEAAV01@J@Z)
                 Loaded msvcprtd.lib(MSVCP140D.dll)
               Found "public: class std::basic_ostream<char,struct std::char_traits<char> > & __thiscall std::basic_ostream<char,struct std::char_traits<char> >::operator<<(void const *)" (??6?$basic_ostream@DU?$char_traits@D@std@@@std@@QAEAAV01@PBX@Z)
                 Loaded msvcprtd.lib(MSVCP140D.dll)
             Searching C:\Program Files (x86)\Microsoft Visual Studio 14.0\VC\lib\comsupp.lib:
             Searching C:\Program Files (x86)\Windows Kits\8.1\lib\winv6.3\um\x86\oleaut32.lib:
             Searching C:\Program Files (x86)\Windows Kits\8.1\lib\winv6.3\um\x86\kernel32.lib:
               Found _WideCharToMultiByte@32
                 Loaded kernel32.lib(KERNEL32.dll)
               Found _Sleep@4
                 Loaded kernel32.lib(KERNEL32.dll)
               Found __imp__QueryPerformanceCounter@4
                 Referenced in MSVCRTD.lib(gs_support.obj)
                 Loaded kernel32.lib(KERNEL32.dll)
               Found __imp__GetCurrentProcessId@0
                 Referenced in MSVCRTD.lib(gs_support.obj)
                 Loaded kernel32.lib(KERNEL32.dll)
               Found __imp__GetCurrentThreadId@0
                 Referenced in MSVCRTD.lib(gs_support.obj)
                 Loaded kernel32.lib(KERNEL32.dll)
               Found __imp__GetSystemTimeAsFileTime@4
                 Referenced in MSVCRTD.lib(gs_support.obj)
                 Loaded kernel32.lib(KERNEL32.dll)
             Searching C:\Program Files (x86)\Windows Kits\10\lib\10.0.10150.0\ucrt\x86\ucrtd.lib:
               Found _strlen
                 Loaded ucrtd.lib(ucrtbased.dll)
               Found __CrtDbgReportW
                 Loaded ucrtd.lib(ucrtbased.dll)
               Found __invalid_parameter
                 Loaded ucrtd.lib(ucrtbased.dll)
               Found _atan
                 Loaded ucrtd.lib(ucrtbased.dll)
               Found _acos
                 Loaded ucrtd.lib(ucrtbased.dll)
               Found _sqrt
                 Loaded ucrtd.lib(ucrtbased.dll)
               Found __errno
                 Loaded ucrtd.lib(ucrtbased.dll)
               Found _strtof
                 Loaded ucrtd.lib(ucrtbased.dll)
               Found _fabs
                 Loaded ucrtd.lib(ucrtbased.dll)
               Found _abs
                 Loaded ucrtd.lib(ucrtbased.dll)
               Found _abort
                 Loaded ucrtd.lib(ucrtbased.dll)
               Found __malloc_dbg
                 Loaded ucrtd.lib(ucrtbased.dll)
               Found __configure_wide_argv
                 Loaded ucrtd.lib(ucrtbased.dll)
               Found __set_new_mode
                 Loaded ucrtd.lib(ucrtbased.dll)
               Found __get_initial_wide_environment
                 Loaded ucrtd.lib(ucrtbased.dll)
               Found __seh_filter_exe
                 Loaded ucrtd.lib(ucrtbased.dll)
               Found __set_app_type
                 Loaded ucrtd.lib(ucrtbased.dll)
               Found __set_fmode
                 Loaded ucrtd.lib(ucrtbased.dll)
               Found ___p__commode
                 Loaded ucrtd.lib(ucrtbased.dll)
               Found __configthreadlocale
                 Loaded ucrtd.lib(ucrtbased.dll)
               Found __callnewh
                 Referenced in MSVCRTD.lib(new_scalar.obj)
                 Loaded ucrtd.lib(ucrtbased.dll)
               Found _malloc
                 Referenced in MSVCRTD.lib(new_scalar.obj)
                 Loaded ucrtd.lib(ucrtbased.dll)
               Found __strdup
                 Referenced in OLDNAMES.lib(strdup.obj)
                 Loaded ucrtd.lib(ucrtbased.dll)
             Searching C:\Program Files (x86)\Microsoft Visual Studio 14.0\VC\lib\vcruntimed.lib:
               Found _memchr
                 Loaded vcruntimed.lib(VCRUNTIME140D.dll)
               Found _memcpy
                 Loaded vcruntimed.lib(VCRUNTIME140D.dll)
               Found _memmove
                 Loaded vcruntimed.lib(VCRUNTIME140D.dll)
               Found ___CxxQueryExceptionSize
                 Loaded vcruntimed.lib(VCRUNTIME140D.dll)
               Found ___CxxExceptionFilter
                 Loaded vcruntimed.lib(VCRUNTIME140D.dll)
               Found ___CxxRegisterExceptionObject
                 Loaded vcruntimed.lib(VCRUNTIME140D.dll)
               Found ___CxxDetectRethrow
                 Loaded vcruntimed.lib(VCRUNTIME140D.dll)
               Found ___CxxUnregisterExceptionObject
                 Loaded vcruntimed.lib(VCRUNTIME140D.dll)
               Found ___FrameUnwindFilter
                 Loaded vcruntimed.lib(VCRUNTIME140D.dll)
             Searching Kinect10.lib:
             Searching C:\Program Files (x86)\Microsoft Visual Studio 14.0\VC\lib\MSVCRTD.lib:
             Searching C:\Program Files (x86)\Microsoft Visual Studio 14.0\VC\lib\OLDNAMES.lib:
             Searching C:\Program Files (x86)\Microsoft Visual Studio 14.0\VC\lib\MSVCMRTD.lib:
             Searching C:\Program Files (x86)\Windows Kits\8.1\lib\winv6.3\um\x86\MSCOREE.lib:
             Searching C:\Program Files (x86)\Windows Kits\8.1\lib\winv6.3\um\x86\uuid.lib:
             Searching C:\Program Files (x86)\Windows Kits\8.1\lib\winv6.3\um\x86\freeglut.lib:
             Searching C:\Program Files (x86)\Windows Kits\8.1\lib\winv6.3\um\x86\glu32.lib:
         
         Finished searching libraries
         Search transition ??_Etype_info@@UAEPAXI@Z->__t2m@??_Etype_info@@UAEPAXI@Z
         Search transition ??_Ebad_alloc@std@@UAEPAXI@Z->__t2m@??_Ebad_alloc@std@@UAEPAXI@Z
         Search transition ??_Ebad_array_new_length@std@@UAEPAXI@Z->__t2m@??_Ebad_array_new_length@std@@UAEPAXI@Z
         Search transition ___vcrt_initialize->__t2m@___vcrt_initialize
         Search transition ___vcrt_uninitialize->__t2m@___vcrt_uninitialize
         Search transition ___vcrt_uninitialize_critical->__t2m@___vcrt_uninitialize_critical
         Search transition ___vcrt_thread_attach->__t2m@___vcrt_thread_attach
         Search transition ___vcrt_thread_detach->__t2m@___vcrt_thread_detach
         Search transition __is_c_termination_complete->__t2m@__is_c_termination_complete
         Search transition ___acrt_initialize->__t2m@___acrt_initialize
         Search transition ___acrt_uninitialize->__t2m@___acrt_uninitialize
         Search transition ___acrt_uninitialize_critical->__t2m@___acrt_uninitialize_critical
         Search transition ___acrt_thread_attach->__t2m@___acrt_thread_attach
         Search transition ___acrt_thread_detach->__t2m@___acrt_thread_detach
         Merging metadata
         Finished merging metadata
         
         Searching libraries
             Searching Kinect10.lib:
             Searching C:\Program Files (x86)\Microsoft Visual Studio 14.0\VC\lib\MSVCRTD.lib:
             Searching C:\Program Files (x86)\Microsoft Visual Studio 14.0\VC\lib\OLDNAMES.lib:
             Searching C:\Program Files (x86)\Microsoft Visual Studio 14.0\VC\lib\MSVCMRTD.lib:
             Searching C:\Program Files (x86)\Windows Kits\8.1\lib\winv6.3\um\x86\MSCOREE.lib:
               Found __CorExeMain@0
                 Loaded MSCOREE.lib(mscoree.dll)
               Found __IMPORT_DESCRIPTOR_mscoree
                 Referenced in MSCOREE.lib(mscoree.dll)
                 Loaded MSCOREE.lib(mscoree.dll)
               Found mscoree_NULL_THUNK_DATA
                 Referenced in MSCOREE.lib(mscoree.dll)
                 Loaded MSCOREE.lib(mscoree.dll)
             Searching C:\Program Files (x86)\Windows Kits\8.1\lib\winv6.3\um\x86\uuid.lib:
             Searching C:\Program Files (x86)\Windows Kits\8.1\lib\winv6.3\um\x86\freeglut.lib:
             Searching C:\Program Files (x86)\Windows Kits\8.1\lib\winv6.3\um\x86\glu32.lib:
             Searching C:\Program Files (x86)\Windows Kits\8.1\lib\winv6.3\um\x86\opengl32.lib:
             Searching C:\Program Files (x86)\Windows Kits\8.1\lib\winv6.3\um\x86\gdi32.lib:
             Searching C:\Program Files (x86)\Windows Kits\8.1\lib\winv6.3\um\x86\winmm.lib:
             Searching C:\Program Files (x86)\Windows Kits\8.1\lib\winv6.3\um\x86\user32.lib:
             Searching C:\Program Files (x86)\Microsoft Visual Studio 14.0\VC\lib\msvcprtd.lib:
             Searching C:\Program Files (x86)\Microsoft Visual Studio 14.0\VC\lib\comsupp.lib:
             Searching C:\Program Files (x86)\Windows Kits\8.1\lib\winv6.3\um\x86\oleaut32.lib:
             Searching C:\Program Files (x86)\Windows Kits\8.1\lib\winv6.3\um\x86\kernel32.lib:
             Searching C:\Program Files (x86)\Windows Kits\10\lib\10.0.10150.0\ucrt\x86\ucrtd.lib:
             Searching C:\Program Files (x86)\Microsoft Visual Studio 14.0\VC\lib\vcruntimed.lib:
             Searching Kinect10.lib:
             Searching C:\Program Files (x86)\Microsoft Visual Studio 14.0\VC\lib\MSVCRTD.lib:
             Searching C:\Program Files (x86)\Microsoft Visual Studio 14.0\VC\lib\OLDNAMES.lib:
             Searching C:\Program Files (x86)\Microsoft Visual Studio 14.0\VC\lib\MSVCMRTD.lib:
         
         Finished searching libraries
         Generating clr ijw/native image
         
         Searching libraries
             Searching Kinect10.lib:
             Searching C:\Program Files (x86)\Microsoft Visual Studio 14.0\VC\lib\MSVCRTD.lib:
               Found __load_config_used
                 Loaded MSVCRTD.lib(loadcfg.obj)
             Searching C:\Program Files (x86)\Microsoft Visual Studio 14.0\VC\lib\OLDNAMES.lib:
             Searching C:\Program Files (x86)\Microsoft Visual Studio 14.0\VC\lib\MSVCMRTD.lib:
             Searching C:\Program Files (x86)\Windows Kits\8.1\lib\winv6.3\um\x86\MSCOREE.lib:
             Searching C:\Program Files (x86)\Windows Kits\8.1\lib\winv6.3\um\x86\uuid.lib:
             Searching C:\Program Files (x86)\Windows Kits\8.1\lib\winv6.3\um\x86\freeglut.lib:
             Searching C:\Program Files (x86)\Windows Kits\8.1\lib\winv6.3\um\x86\glu32.lib:
             Searching C:\Program Files (x86)\Windows Kits\8.1\lib\winv6.3\um\x86\opengl32.lib:
             Searching C:\Program Files (x86)\Windows Kits\8.1\lib\winv6.3\um\x86\gdi32.lib:
             Searching C:\Program Files (x86)\Windows Kits\8.1\lib\winv6.3\um\x86\winmm.lib:
             Searching C:\Program Files (x86)\Windows Kits\8.1\lib\winv6.3\um\x86\user32.lib:
             Searching C:\Program Files (x86)\Microsoft Visual Studio 14.0\VC\lib\msvcprtd.lib:
             Searching C:\Program Files (x86)\Microsoft Visual Studio 14.0\VC\lib\comsupp.lib:
             Searching C:\Program Files (x86)\Windows Kits\8.1\lib\winv6.3\um\x86\oleaut32.lib:
             Searching C:\Program Files (x86)\Windows Kits\8.1\lib\winv6.3\um\x86\kernel32.lib:
             Searching C:\Program Files (x86)\Windows Kits\10\lib\10.0.10150.0\ucrt\x86\ucrtd.lib:
             Searching C:\Program Files (x86)\Microsoft Visual Studio 14.0\VC\lib\vcruntimed.lib:
             Searching Kinect10.lib:
         
         Finished searching libraries
         
         Invoking rc.exe:
          /v
          /x
          /fo
          "C:\Users\Ian\AppData\Local\Temp\lnk{3FB599B6-41E4-4E21-99B1-686C01394BDC}.tmp"
          "C:\Users\Ian\AppData\Local\Temp\lnk{3E57FD9B-9D41-4DB5-8D34-AF6DF056830E}.tmp"
         Microsoft (R) Windows (R) Resource Compiler Version 6.3.9600.17336
         
         Copyright (C) Microsoft Corporation.  All rights reserved.
         
         
         Creating C:\Users\Ian\AppData\Local\Temp\lnk{3FB599B6-41E4-4E21-99B1-686C01394BDC}.tmp
         
         Using codepage 1252 as default
         
         C:\Users\Ian\AppData\Local\Temp\lnk{3E57FD9B-9D41-4DB5-8D34-AF6DF056830E}.tmp.
         Writing 24:1,	lang:0x409,	size 381
         
         Invoking cvtres.exe:
          /machine:x86
          /verbose
          /out:"C:\Users\Ian\AppData\Local\Temp\lnk{97086D3D-FB5B-41B4-9285-83854800E5F8}.tmp"
          /readonly
          "Debug\app.res"
          "C:\Users\Ian\AppData\Local\Temp\lnk{3FB599B6-41E4-4E21-99B1-686C01394BDC}.tmp"
         Microsoft (R) Windows Resource To Object Converter Version 14.00.23026.0
         Copyright (C) Microsoft Corporation.  All rights reserved.
         
         adding resource. type:ICON, name:1, language:0x1009, flags:0x1010, size:1005
         adding resource. type:ICON, name:2, language:0x1009, flags:0x1010, size:3752
         adding resource. type:ICON, name:3, language:0x1009, flags:0x1010, size:2216
         adding resource. type:ICON, name:4, language:0x1009, flags:0x1010, size:1384
         adding resource. type:ICON, name:5, language:0x1009, flags:0x1010, size:920
         adding resource. type:ICON, name:6, language:0x1009, flags:0x1010, size:16936
         adding resource. type:ICON, name:7, language:0x1009, flags:0x1010, size:9640
         adding resource. type:ICON, name:8, language:0x1009, flags:0x1010, size:4264
         adding resource. type:ICON, name:9, language:0x1009, flags:0x1010, size:1128
         adding resource. type:GROUP_ICON, name:1, language:0x1009, flags:0x1030, size:132
         adding resource. type:MANIFEST, name:1, language:0x0409, flags:0x30, size:381
         
         Unused libraries:
           C:\Program Files (x86)\Windows Kits\8.1\lib\winv6.3\um\x86\uuid.lib
           C:\Program Files (x86)\Windows Kits\8.1\lib\winv6.3\um\x86\glu32.lib
           C:\Program Files (x86)\Windows Kits\8.1\lib\winv6.3\um\x86\gdi32.lib
           C:\Program Files (x86)\Windows Kits\8.1\lib\winv6.3\um\x86\winmm.lib
           C:\Program Files (x86)\Windows Kits\8.1\lib\winv6.3\um\x86\user32.lib
           C:\Program Files (x86)\Microsoft Visual Studio 14.0\VC\lib\comsupp.lib
           C:\Program Files (x86)\Windows Kits\8.1\lib\winv6.3\um\x86\oleaut32.lib
         
         Starting pass 2
              app.res
              .NETFramework,Version=v4.5.2.AssemblyAttributes.obj
              ThreeDPos.obj
              stdafx.obj
              Peaches__CLR2.obj
              Peaches_Main.obj
              MotorManager.obj
              Kinect_ImProc.obj
              DataStruct.obj
              Communications.obj
              AssemblyInfo.obj
              Kinect10.lib(Kinect10.dll)
              Kinect10.lib(Kinect10.dll)
              Kinect10.lib(Kinect10.dll)
              Kinect10.lib(Kinect10.dll)
              Kinect10.lib(Kinect10.dll)
              MSVCRTD.lib(_cpu_disp_.obj)
              MSVCRTD.lib(_initsect_.obj)
              MSVCRTD.lib(_chandler4gs_.obj)
              MSVCRTD.lib(_secchk_.obj)
              MSVCRTD.lib(gs_cookie.obj)
              MSVCRTD.lib(gs_report.obj)
              MSVCRTD.lib(gs_support.obj)
              MSVCRTD.lib(checkcfg.obj)
              MSVCRTD.lib(guard_support.obj)
              MSVCRTD.lib(loadcfg.obj)
              MSVCRTD.lib(ucrt_detection.obj)
              MSVCRTD.lib(fltused.obj)
              MSVCRTD.lib(std_type_info_static.obj)
              MSVCRTD.lib(delete_array.obj)
              MSVCRTD.lib(delete_array_size.obj)
              MSVCRTD.lib(delete_scalar.obj)
              MSVCRTD.lib(delete_scalar_size.obj)
              MSVCRTD.lib(new_array.obj)
              MSVCRTD.lib(new_scalar.obj)
              MSVCRTD.lib(throw_bad_alloc.obj)
              MSVCRTD.lib(initializers.obj)
              MSVCRTD.lib(utility.obj)
              MSVCRTD.lib(ucrt_stubs.obj)
              MSVCRTD.lib(utility_desktop.obj)
              OLDNAMES.lib(strdup.obj)
              MSVCMRTD.lib(argv_mode.obj)
              MSVCMRTD.lib(commit_mode.obj)
              MSVCMRTD.lib(file_mode.obj)
              MSVCMRTD.lib(matherr.obj)
              MSVCMRTD.lib(new_mode.obj)
              MSVCMRTD.lib(thread_locale.obj)
              MSVCMRTD.lib(ManagedMain.obj)
              MSVCMRTD.lib(msilexit.obj)
              MSVCMRTD.lib(mstartup.obj)
              MSVCMRTD.lib(pureMSILcode.obj)
              MSVCMRTD.lib(locale0_implib.obj)
              MSVCMRTD.lib(managdeh.obj)
              MSVCMRTD.lib(mehvecdtr.obj)
              MSCOREE.lib(mscoree.dll)
              MSCOREE.lib(mscoree.dll)
              MSCOREE.lib(mscoree.dll)
              freeglut.lib(freeglut.dll)
              freeglut.lib(freeglut.dll)
              freeglut.lib(freeglut.dll)
              freeglut.lib(freeglut.dll)
              freeglut.lib(freeglut.dll)
              freeglut.lib(freeglut.dll)
              freeglut.lib(freeglut.dll)
              freeglut.lib(freeglut.dll)
              freeglut.lib(freeglut.dll)
              freeglut.lib(freeglut.dll)
              opengl32.lib(OPENGL32.dll)
              opengl32.lib(OPENGL32.dll)
              opengl32.lib(OPENGL32.dll)
              opengl32.lib(OPENGL32.dll)
              opengl32.lib(OPENGL32.dll)
              opengl32.lib(OPENGL32.dll)
              opengl32.lib(OPENGL32.dll)
              opengl32.lib(OPENGL32.dll)
              opengl32.lib(OPENGL32.dll)
              opengl32.lib(OPENGL32.dll)
              opengl32.lib(OPENGL32.dll)
              opengl32.lib(OPENGL32.dll)
              opengl32.lib(OPENGL32.dll)
              opengl32.lib(OPENGL32.dll)
              opengl32.lib(OPENGL32.dll)
              opengl32.lib(OPENGL32.dll)
              opengl32.lib(OPENGL32.dll)
              opengl32.lib(OPENGL32.dll)
              opengl32.lib(OPENGL32.dll)
              msvcprtd.lib(MSVCP140D.dll)
              msvcprtd.lib(MSVCP140D.dll)
              msvcprtd.lib(MSVCP140D.dll)
              msvcprtd.lib(MSVCP140D.dll)
              msvcprtd.lib(MSVCP140D.dll)
              msvcprtd.lib(MSVCP140D.dll)
              msvcprtd.lib(MSVCP140D.dll)
              msvcprtd.lib(MSVCP140D.dll)
              msvcprtd.lib(MSVCP140D.dll)
              msvcprtd.lib(MSVCP140D.dll)
              msvcprtd.lib(MSVCP140D.dll)
              msvcprtd.lib(MSVCP140D.dll)
              msvcprtd.lib(MSVCP140D.dll)
              msvcprtd.lib(MSVCP140D.dll)
              msvcprtd.lib(MSVCP140D.dll)
              msvcprtd.lib(MSVCP140D.dll)
              msvcprtd.lib(MSVCP140D.dll)
              msvcprtd.lib(MSVCP140D.dll)
              msvcprtd.lib(MSVCP140D.dll)
              msvcprtd.lib(MSVCP140D.dll)
              msvcprtd.lib(MSVCP140D.dll)
              msvcprtd.lib(MSVCP140D.dll)
              msvcprtd.lib(MSVCP140D.dll)
              msvcprtd.lib(MSVCP140D.dll)
              msvcprtd.lib(MSVCP140D.dll)
              msvcprtd.lib(MSVCP140D.dll)
              msvcprtd.lib(MSVCP140D.dll)
              msvcprtd.lib(MSVCP140D.dll)
              msvcprtd.lib(MSVCP140D.dll)
              msvcprtd.lib(MSVCP140D.dll)
              msvcprtd.lib(MSVCP140D.dll)
              msvcprtd.lib(MSVCP140D.dll)
              msvcprtd.lib(MSVCP140D.dll)
              msvcprtd.lib(MSVCP140D.dll)
              msvcprtd.lib(MSVCP140D.dll)
              msvcprtd.lib(MSVCP140D.dll)
              msvcprtd.lib(MSVCP140D.dll)
              msvcprtd.lib(MSVCP140D.dll)
              msvcprtd.lib(MSVCP140D.dll)
              msvcprtd.lib(MSVCP140D.dll)
              msvcprtd.lib(MSVCP140D.dll)
              msvcprtd.lib(MSVCP140D.dll)
              msvcprtd.lib(MSVCP140D.dll)
              msvcprtd.lib(MSVCP140D.dll)
              msvcprtd.lib(MSVCP140D.dll)
              msvcprtd.lib(MSVCP140D.dll)
              kernel32.lib(KERNEL32.dll)
              kernel32.lib(KERNEL32.dll)
              kernel32.lib(KERNEL32.dll)
              kernel32.lib(KERNEL32.dll)
              kernel32.lib(KERNEL32.dll)
              kernel32.lib(KERNEL32.dll)
              kernel32.lib(KERNEL32.dll)
              kernel32.lib(KERNEL32.dll)
              kernel32.lib(KERNEL32.dll)
              kernel32.lib(KERNEL32.dll)
              kernel32.lib(KERNEL32.dll)
              kernel32.lib(KERNEL32.dll)
              kernel32.lib(KERNEL32.dll)
              kernel32.lib(KERNEL32.dll)
              kernel32.lib(KERNEL32.dll)
              kernel32.lib(KERNEL32.dll)
              ucrtd.lib(ucrtbased.dll)
              ucrtd.lib(ucrtbased.dll)
              ucrtd.lib(ucrtbased.dll)
              ucrtd.lib(ucrtbased.dll)
              ucrtd.lib(ucrtbased.dll)
              ucrtd.lib(ucrtbased.dll)
              ucrtd.lib(ucrtbased.dll)
              ucrtd.lib(ucrtbased.dll)
              ucrtd.lib(ucrtbased.dll)
              ucrtd.lib(ucrtbased.dll)
              ucrtd.lib(ucrtbased.dll)
              ucrtd.lib(ucrtbased.dll)
              ucrtd.lib(ucrtbased.dll)
              ucrtd.lib(ucrtbased.dll)
              ucrtd.lib(ucrtbased.dll)
              ucrtd.lib(ucrtbased.dll)
              ucrtd.lib(ucrtbased.dll)
              ucrtd.lib(ucrtbased.dll)
              ucrtd.lib(ucrtbased.dll)
              ucrtd.lib(ucrtbased.dll)
              ucrtd.lib(ucrtbased.dll)
              ucrtd.lib(ucrtbased.dll)
              ucrtd.lib(ucrtbased.dll)
              ucrtd.lib(ucrtbased.dll)
              ucrtd.lib(ucrtbased.dll)
              ucrtd.lib(ucrtbased.dll)
              ucrtd.lib(ucrtbased.dll)
              ucrtd.lib(ucrtbased.dll)
              ucrtd.lib(ucrtbased.dll)
              ucrtd.lib(ucrtbased.dll)
              ucrtd.lib(ucrtbased.dll)
              ucrtd.lib(ucrtbased.dll)
              ucrtd.lib(ucrtbased.dll)
              ucrtd.lib(ucrtbased.dll)
              ucrtd.lib(ucrtbased.dll)
              ucrtd.lib(ucrtbased.dll)
              ucrtd.lib(ucrtbased.dll)
              ucrtd.lib(ucrtbased.dll)
              vcruntimed.lib(VCRUNTIME140D.dll)
              vcruntimed.lib(VCRUNTIME140D.dll)
              vcruntimed.lib(VCRUNTIME140D.dll)
              vcruntimed.lib(VCRUNTIME140D.dll)
              vcruntimed.lib(VCRUNTIME140D.dll)
              vcruntimed.lib(VCRUNTIME140D.dll)
              vcruntimed.lib(VCRUNTIME140D.dll)
              vcruntimed.lib(VCRUNTIME140D.dll)
              vcruntimed.lib(VCRUNTIME140D.dll)
              vcruntimed.lib(VCRUNTIME140D.dll)
              vcruntimed.lib(VCRUNTIME140D.dll)
              vcruntimed.lib(VCRUNTIME140D.dll)
              vcruntimed.lib(VCRUNTIME140D.dll)
              vcruntimed.lib(VCRUNTIME140D.dll)
              vcruntimed.lib(VCRUNTIME140D.dll)
         Finished pass 2
         Peaches__CLR2.vcxproj -> C:\Users\Ian\Documents\Visual Studio 2015\Projects\FYDP\Peaches_CLR3\Debug\Peaches__CLR2.exe
     1>Done Building Project "C:\Users\Ian\Documents\Visual Studio 2015\Projects\FYDP\Peaches_CLR3\Peaches__CLR2\Peaches__CLR2.vcxproj" (Rebuild target(s)).

Build succeeded.

Time Elapsed 00:00:06.22
