c:\users\ian\documents\visual studio 2015\projects\fydp\gitclone\peaches\peaches__clr2\x64\debug\peaches__clr2.pch
c:\users\ian\documents\visual studio 2015\projects\fydp\gitclone\peaches\peaches__clr2\x64\debug\vc140.pdb
c:\users\ian\documents\visual studio 2015\projects\fydp\gitclone\peaches\peaches__clr2\x64\debug\stdafx.obj
c:\users\ian\documents\visual studio 2015\projects\fydp\gitclone\peaches\peaches__clr2\x64\debug\threedpos.obj
c:\users\ian\documents\visual studio 2015\projects\fydp\gitclone\peaches\peaches__clr2\x64\debug\peaches__clr2.obj
c:\users\ian\documents\visual studio 2015\projects\fydp\gitclone\peaches\peaches__clr2\x64\debug\peaches_main.obj
c:\users\ian\documents\visual studio 2015\projects\fydp\gitclone\peaches\peaches__clr2\x64\debug\kinect_improc.obj
c:\users\ian\documents\visual studio 2015\projects\fydp\gitclone\peaches\peaches__clr2\x64\debug\assemblyinfo.obj
c:\users\ian\documents\visual studio 2015\projects\fydp\gitclone\peaches\peaches__clr2\x64\debug\.netframework,version=v4.5.2.assemblyattributes.obj
c:\users\ian\documents\visual studio 2015\projects\fydp\gitclone\peaches\peaches__clr2\x64\debug\.netframework,version=v4.5.2.assemblyattributes.asm
c:\users\ian\documents\visual studio 2015\projects\fydp\gitclone\peaches\peaches__clr2\x64\debug\app.res
c:\users\ian\documents\visual studio 2015\projects\fydp\gitclone\peaches\peaches__clr2\x64\debug\peaches__clr2.tlog\cl.command.1.tlog
c:\users\ian\documents\visual studio 2015\projects\fydp\gitclone\peaches\peaches__clr2\x64\debug\peaches__clr2.tlog\cl.read.1.tlog
c:\users\ian\documents\visual studio 2015\projects\fydp\gitclone\peaches\peaches__clr2\x64\debug\peaches__clr2.tlog\cl.write.1.tlog
c:\users\ian\documents\visual studio 2015\projects\fydp\gitclone\peaches\peaches__clr2\x64\debug\peaches__clr2.tlog\link.18216.read.1.tlog
c:\users\ian\documents\visual studio 2015\projects\fydp\gitclone\peaches\peaches__clr2\x64\debug\peaches__clr2.tlog\link.18216.write.1.tlog
c:\users\ian\documents\visual studio 2015\projects\fydp\gitclone\peaches\peaches__clr2\x64\debug\peaches__clr2.tlog\link.command.1.tlog
c:\users\ian\documents\visual studio 2015\projects\fydp\gitclone\peaches\peaches__clr2\x64\debug\peaches__clr2.tlog\link.read.1.tlog
c:\users\ian\documents\visual studio 2015\projects\fydp\gitclone\peaches\peaches__clr2\x64\debug\peaches__clr2.tlog\link.write.1.tlog
c:\users\ian\documents\visual studio 2015\projects\fydp\gitclone\peaches\peaches__clr2\x64\debug\peaches__clr2.tlog\metagen.read.1.tlog
c:\users\ian\documents\visual studio 2015\projects\fydp\gitclone\peaches\peaches__clr2\x64\debug\peaches__clr2.tlog\metagen.write.1.tlog
c:\users\ian\documents\visual studio 2015\projects\fydp\gitclone\peaches\peaches__clr2\x64\debug\peaches__clr2.tlog\rc.command.1.tlog
c:\users\ian\documents\visual studio 2015\projects\fydp\gitclone\peaches\peaches__clr2\x64\debug\peaches__clr2.tlog\rc.read.1.tlog
c:\users\ian\documents\visual studio 2015\projects\fydp\gitclone\peaches\peaches__clr2\x64\debug\peaches__clr2.tlog\rc.write.1.tlog
c:\users\ian\documents\visual studio 2015\projects\fydp\gitclone\peaches\peaches__clr2\x64\debug\peaches__clr2.tlog\tzres.dll.bi
